{"meta": {"format": 3, "version": "7.13.0", "timestamp": "2025-12-26T01:42:20.941903", "branch_coverage": false, "show_contexts": false}, "files": {"app\\__init__.py": {"executed_lines": [0], "summary": {"covered_lines": 0, "num_statements": 0, "percent_covered": 100.0, "percent_covered_display": "100", "missing_lines": 0, "excluded_lines": 0, "percent_statements_covered": 100.0, "percent_statements_covered_display": "100"}, "missing_lines": [], "excluded_lines": [], "functions": {"": {"executed_lines": [], "summary": {"covered_lines": 0, "num_statements": 0, "percent_covered": 100.0, "percent_covered_display": "100", "missing_lines": 0, "excluded_lines": 0, "percent_statements_covered": 100.0, "percent_statements_covered_display": "100"}, "missing_lines": [], "excluded_lines": []}}, "classes": {"": {"executed_lines": [], "summary": {"covered_lines": 0, "num_statements": 0, "percent_covered": 100.0, "percent_covered_display": "100", "missing_lines": 0, "excluded_lines": 0, "percent_statements_covered": 100.0, "percent_statements_covered_display": "100"}, "missing_lines": [], "excluded_lines": []}}}, "app\\auth\\__init__.py": {"executed_lines": [0], "summary": {"covered_lines": 0, "num_statements": 0, "percent_covered": 100.0, "percent_covered_display": "100", "missing_lines": 0, "excluded_lines": 0, "percent_statements_covered": 100.0, "percent_statements_covered_display": "100"}, "missing_lines": [], "excluded_lines": [], "functions": {"": {"executed_lines": [], "summary": {"covered_lines": 0, "num_statements": 0, "percent_covered": 100.0, "percent_covered_display": "100", "missing_lines": 0, "excluded_lines": 0, "percent_statements_covered": 100.0, "percent_statements_covered_display": "100"}, "missing_lines": [], "excluded_lines": []}}, "classes": {"": {"executed_lines": [], "summary": {"covered_lines": 0, "num_statements": 0, "percent_covered": 100.0, "percent_covered_display": "100", "missing_lines": 0, "excluded_lines": 0, "percent_statements_covered": 100.0, "percent_statements_covered_display": "100"}, "missing_lines": [], "excluded_lines": []}}}, "app\\auth\\dependencies.py": {"executed_lines": [1, 2, 3, 4, 5, 6, 7, 9, 11, 16, 17, 19, 20, 26, 27, 33, 35, 37, 42], "summary": {"covered_lines": 18, "num_statements": 21, "percent_covered": 85.71428571428571, "percent_covered_display": "86", "missing_lines": 3, "excluded_lines": 0, "percent_statements_covered": 85.71428571428571, "percent_statements_covered_display": "86"}, "missing_lines": [21, 28, 38], "excluded_lines": [], "functions": {"get_current_user": {"executed_lines": [16, 17, 19, 20, 26, 27, 33], "summary": {"covered_lines": 7, "num_statements": 9, "percent_covered": 77.77777777777777, "percent_covered_display": "78", "missing_lines": 2, "excluded_lines": 0, "percent_statements_covered": 77.77777777777777, "percent_statements_covered_display": "78"}, "missing_lines": [21, 28], "excluded_lines": []}, "get_current_active_user": {"executed_lines": [37, 42], "summary": {"covered_lines": 2, "num_statements": 3, "percent_covered": 66.66666666666667, "percent_covered_display": "67", "missing_lines": 1, "excluded_lines": 0, "percent_statements_covered": 66.66666666666667, "percent_statements_covered_display": "67"}, "missing_lines": [38], "excluded_lines": []}, "": {"executed_lines": [1, 2, 3, 4, 5, 6, 7, 9, 11, 35], "summary": {"covered_lines": 9, "num_statements": 9, "percent_covered": 100.0, "percent_covered_display": "100", "missing_lines": 0, "excluded_lines": 0, "percent_statements_covered": 100.0, "percent_statements_covered_display": "100"}, "missing_lines": [], "excluded_lines": []}}, "classes": {"": {"executed_lines": [1, 2, 3, 4, 5, 6, 7, 9, 11, 16, 17, 19, 20, 26, 27, 33, 35, 37, 42], "summary": {"covered_lines": 18, "num_statements": 21, "percent_covered": 85.71428571428571, "percent_covered_display": "86", "missing_lines": 3, "excluded_lines": 0, "percent_statements_covered": 85.71428571428571, "percent_statements_covered_display": "86"}, "missing_lines": [21, 28, 38], "excluded_lines": []}}}, "app\\auth\\security.py": {"executed_lines": [1, 2, 3, 4, 5, 6, 7, 8, 11, 13, 16, 18, 20, 23, 25, 27, 29, 30, 31, 35, 36, 37, 39, 41, 42, 45, 47, 52, 53, 55, 57, 58, 61, 68, 69, 70], "summary": {"covered_lines": 35, "num_statements": 40, "percent_covered": 87.5, "percent_covered_display": "88", "missing_lines": 5, "excluded_lines": 0, "percent_statements_covered": 87.5, "percent_statements_covered_display": "88"}, "missing_lines": [17, 24, 33, 43, 62], "excluded_lines": [], "functions": {"verify_password": {"executed_lines": [16, 18], "summary": {"covered_lines": 2, "num_statements": 3, "percent_covered": 66.66666666666667, "percent_covered_display": "67", "missing_lines": 1, "excluded_lines": 0, "percent_statements_covered": 66.66666666666667, "percent_statements_covered_display": "67"}, "missing_lines": [17], "excluded_lines": []}, "get_password_hash": {"executed_lines": [23, 25], "summary": {"covered_lines": 2, "num_statements": 3, "percent_covered": 66.66666666666667, "percent_covered_display": "67", "missing_lines": 1, "excluded_lines": 0, "percent_statements_covered": 66.66666666666667, "percent_statements_covered_display": "67"}, "missing_lines": [24], "excluded_lines": []}, "create_access_token": {"executed_lines": [29, 30, 31, 35, 36, 37], "summary": {"covered_lines": 6, "num_statements": 7, "percent_covered": 85.71428571428571, "percent_covered_display": "86", "missing_lines": 1, "excluded_lines": 0, "percent_statements_covered": 85.71428571428571, "percent_statements_covered_display": "86"}, "missing_lines": [33], "excluded_lines": []}, "create_refresh_token": {"executed_lines": [41, 42, 45, 47, 52, 53], "summary": {"covered_lines": 6, "num_statements": 7, "percent_covered": 85.71428571428571, "percent_covered_display": "86", "missing_lines": 1, "excluded_lines": 0, "percent_statements_covered": 85.71428571428571, "percent_statements_covered_display": "86"}, "missing_lines": [43], "excluded_lines": []}, "verify_token": {"executed_lines": [57, 58, 61, 68, 69, 70], "summary": {"covered_lines": 6, "num_statements": 7, "percent_covered": 85.71428571428571, "percent_covered_display": "86", "missing_lines": 1, "excluded_lines": 0, "percent_statements_covered": 85.71428571428571, "percent_statements_covered_display": "86"}, "missing_lines": [62], "excluded_lines": []}, "": {"executed_lines": [1, 2, 3, 4, 5, 6, 7, 8, 11, 13, 20, 27, 39, 55], "summary": {"covered_lines": 13, "num_statements": 13, "percent_covered": 100.0, "percent_covered_display": "100", "missing_lines": 0, "excluded_lines": 0, "percent_statements_covered": 100.0, "percent_statements_covered_display": "100"}, "missing_lines": [], "excluded_lines": []}}, "classes": {"": {"executed_lines": [1, 2, 3, 4, 5, 6, 7, 8, 11, 13, 16, 18, 20, 23, 25, 27, 29, 30, 31, 35, 36, 37, 39, 41, 42, 45, 47, 52, 53, 55, 57, 58, 61, 68, 69, 70], "summary": {"covered_lines": 35, "num_statements": 40, "percent_covered": 87.5, "percent_covered_display": "88", "missing_lines": 5, "excluded_lines": 0, "percent_statements_covered": 87.5, "percent_statements_covered_display": "88"}, "missing_lines": [17, 24, 33, 43, 62], "excluded_lines": []}}}, "app\\config\\__init__.py": {"executed_lines": [0], "summary": {"covered_lines": 0, "num_statements": 0, "percent_covered": 100.0, "percent_covered_display": "100", "missing_lines": 0, "excluded_lines": 0, "percent_statements_covered": 100.0, "percent_statements_covered_display": "100"}, "missing_lines": [], "excluded_lines": [], "functions": {"": {"executed_lines": [], "summary": {"covered_lines": 0, "num_statements": 0, "percent_covered": 100.0, "percent_covered_display": "100", "missing_lines": 0, "excluded_lines": 0, "percent_statements_covered": 100.0, "percent_statements_covered_display": "100"}, "missing_lines": [], "excluded_lines": []}}, "classes": {"": {"executed_lines": [], "summary": {"covered_lines": 0, "num_statements": 0, "percent_covered": 100.0, "percent_covered_display": "100", "missing_lines": 0, "excluded_lines": 0, "percent_statements_covered": 100.0, "percent_statements_covered_display": "100"}, "missing_lines": [], "excluded_lines": []}}}, "app\\config\\database.py": {"executed_lines": [1, 2, 3, 4, 5, 6, 9, 12, 16, 17, 19], "summary": {"covered_lines": 10, "num_statements": 14, "percent_covered": 71.42857142857143, "percent_covered_display": "71", "missing_lines": 4, "excluded_lines": 0, "percent_statements_covered": 71.42857142857143, "percent_statements_covered_display": "71"}, "missing_lines": [21, 22, 23, 25], "excluded_lines": [], "functions": {"get_db": {"executed_lines": [], "summary": {"covered_lines": 0, "num_statements": 4, "percent_covered": 0.0, "percent_covered_display": "0", "missing_lines": 4, "excluded_lines": 0, "percent_statements_covered": 0.0, "percent_statements_covered_display": "0"}, "missing_lines": [21, 22, 23, 25], "excluded_lines": []}, "": {"executed_lines": [1, 2, 3, 4, 5, 6, 9, 12, 16, 17, 19], "summary": {"covered_lines": 10, "num_statements": 10, "percent_covered": 100.0, "percent_covered_display": "100", "missing_lines": 0, "excluded_lines": 0, "percent_statements_covered": 100.0, "percent_statements_covered_display": "100"}, "missing_lines": [], "excluded_lines": []}}, "classes": {"": {"executed_lines": [1, 2, 3, 4, 5, 6, 9, 12, 16, 17, 19], "summary": {"covered_lines": 10, "num_statements": 14, "percent_covered": 71.42857142857143, "percent_covered_display": "71", "missing_lines": 4, "excluded_lines": 0, "percent_statements_covered": 71.42857142857143, "percent_statements_covered_display": "71"}, "missing_lines": [21, 22, 23, 25], "excluded_lines": []}}}, "app\\config\\settings.py": {"executed_lines": [1, 2, 3, 5, 7, 10, 11, 12, 13, 16, 19, 34, 35, 36, 38], "summary": {"covered_lines": 14, "num_statements": 14, "percent_covered": 100.0, "percent_covered_display": "100", "missing_lines": 0, "excluded_lines": 0, "percent_statements_covered": 100.0, "percent_statements_covered_display": "100"}, "missing_lines": [], "excluded_lines": [], "functions": {"": {"executed_lines": [1, 2, 3, 5, 7, 10, 11, 12, 13, 16, 19, 34, 35, 36, 38], "summary": {"covered_lines": 14, "num_statements": 14, "percent_covered": 100.0, "percent_covered_display": "100", "missing_lines": 0, "excluded_lines": 0, "percent_statements_covered": 100.0, "percent_statements_covered_display": "100"}, "missing_lines": [], "excluded_lines": []}}, "classes": {"Settings": {"executed_lines": [], "summary": {"covered_lines": 0, "num_statements": 0, "percent_covered": 100.0, "percent_covered_display": "100", "missing_lines": 0, "excluded_lines": 0, "percent_statements_covered": 100.0, "percent_statements_covered_display": "100"}, "missing_lines": [], "excluded_lines": []}, "": {"executed_lines": [1, 2, 3, 5, 7, 10, 11, 12, 13, 16, 19, 34, 35, 36, 38], "summary": {"covered_lines": 14, "num_statements": 14, "percent_covered": 100.0, "percent_covered_display": "100", "missing_lines": 0, "excluded_lines": 0, "percent_statements_covered": 100.0, "percent_statements_covered_display": "100"}, "missing_lines": [], "excluded_lines": []}}}, "app\\controllers\\__init__.py": {"executed_lines": [0], "summary": {"covered_lines": 0, "num_statements": 0, "percent_covered": 100.0, "percent_covered_display": "100", "missing_lines": 0, "excluded_lines": 0, "percent_statements_covered": 100.0, "percent_statements_covered_display": "100"}, "missing_lines": [], "excluded_lines": [], "functions": {"": {"executed_lines": [], "summary": {"covered_lines": 0, "num_statements": 0, "percent_covered": 100.0, "percent_covered_display": "100", "missing_lines": 0, "excluded_lines": 0, "percent_statements_covered": 100.0, "percent_statements_covered_display": "100"}, "missing_lines": [], "excluded_lines": []}}, "classes": {"": {"executed_lines": [], "summary": {"covered_lines": 0, "num_statements": 0, "percent_covered": 100.0, "percent_covered_display": "100", "missing_lines": 0, "excluded_lines": 0, "percent_statements_covered": 100.0, "percent_statements_covered_display": "100"}, "missing_lines": [], "excluded_lines": []}}}, "app\\controllers\\auth_controller.py": {"executed_lines": [1, 2, 3, 4, 5, 12, 13, 15, 16, 17, 20, 24, 25, 31, 32, 41, 42, 43, 44, 46, 47, 49, 53, 54, 60, 66, 68, 69, 72, 73, 79, 84, 85, 86, 88, 104, 105, 107, 108, 113, 115, 116, 118, 120, 121, 122, 125, 127, 128, 129, 131, 132, 135, 136, 137, 145, 146, 153, 160, 167, 174, 175, 180, 194, 195, 197, 198, 199, 200, 201, 202], "summary": {"covered_lines": 70, "num_statements": 79, "percent_covered": 88.60759493670886, "percent_covered_display": "89", "missing_lines": 9, "excluded_lines": 0, "percent_statements_covered": 88.60759493670886, "percent_statements_covered_display": "89"}, "missing_lines": [61, 109, 123, 138, 139, 147, 154, 161, 168], "excluded_lines": [], "functions": {"AuthController.create_user": {"executed_lines": [20, 24, 25, 31, 32, 41, 42, 43, 44], "summary": {"covered_lines": 9, "num_statements": 9, "percent_covered": 100.0, "percent_covered_display": "100", "missing_lines": 0, "excluded_lines": 0, "percent_statements_covered": 100.0, "percent_statements_covered_display": "100"}, "missing_lines": [], "excluded_lines": []}, "AuthController.authenticate_user": {"executed_lines": [49, 53, 54, 60, 66], "summary": {"covered_lines": 5, "num_statements": 6, "percent_covered": 83.33333333333333, "percent_covered_display": "83", "missing_lines": 1, "excluded_lines": 0, "percent_statements_covered": 83.33333333333333, "percent_statements_covered_display": "83"}, "missing_lines": [61], "excluded_lines": []}, "AuthController.create_access_token_for_user": {"executed_lines": [72, 73, 79, 84, 85, 86, 88], "summary": {"covered_lines": 7, "num_statements": 7, "percent_covered": 100.0, "percent_covered_display": "100", "missing_lines": 0, "excluded_lines": 0, "percent_statements_covered": 100.0, "percent_statements_covered_display": "100"}, "missing_lines": [], "excluded_lines": []}, "AuthController.get_user_by_id": {"executed_lines": [107, 108, 113], "summary": {"covered_lines": 3, "num_statements": 4, "percent_covered": 75.0, "percent_covered_display": "75", "missing_lines": 1, "excluded_lines": 0, "percent_statements_covered": 75.0, "percent_statements_covered_display": "75"}, "missing_lines": [109], "excluded_lines": []}, "AuthController.update_user": {"executed_lines": [118, 120, 121, 122, 125, 127, 128, 129], "summary": {"covered_lines": 8, "num_statements": 9, "percent_covered": 88.88888888888889, "percent_covered_display": "89", "missing_lines": 1, "excluded_lines": 0, "percent_statements_covered": 88.88888888888889, "percent_statements_covered_display": "89"}, "missing_lines": [123], "excluded_lines": []}, "AuthController.refresh_access_token": {"executed_lines": [135, 136, 137, 145, 146, 153, 160, 167, 174, 175, 180], "summary": {"covered_lines": 11, "num_statements": 17, "percent_covered": 64.70588235294117, "percent_covered_display": "65", "missing_lines": 6, "excluded_lines": 0, "percent_statements_covered": 64.70588235294117, "percent_statements_covered_display": "65"}, "missing_lines": [138, 139, 147, 154, 161, 168], "excluded_lines": []}, "AuthController.logout_user": {"executed_lines": [197, 198, 199, 200, 201, 202], "summary": {"covered_lines": 6, "num_statements": 6, "percent_covered": 100.0, "percent_covered_display": "100", "missing_lines": 0, "excluded_lines": 0, "percent_statements_covered": 100.0, "percent_statements_covered_display": "100"}, "missing_lines": [], "excluded_lines": []}, "": {"executed_lines": [1, 2, 3, 4, 5, 12, 13, 15, 16, 17, 46, 47, 68, 69, 104, 105, 115, 116, 131, 132, 194, 195], "summary": {"covered_lines": 21, "num_statements": 21, "percent_covered": 100.0, "percent_covered_display": "100", "missing_lines": 0, "excluded_lines": 0, "percent_statements_covered": 100.0, "percent_statements_covered_display": "100"}, "missing_lines": [], "excluded_lines": []}}, "classes": {"AuthController": {"executed_lines": [20, 24, 25, 31, 32, 41, 42, 43, 44, 49, 53, 54, 60, 66, 72, 73, 79, 84, 85, 86, 88, 107, 108, 113, 118, 120, 121, 122, 125, 127, 128, 129, 135, 136, 137, 145, 146, 153, 160, 167, 174, 175, 180, 197, 198, 199, 200, 201, 202], "summary": {"covered_lines": 49, "num_statements": 58, "percent_covered": 84.48275862068965, "percent_covered_display": "84", "missing_lines": 9, "excluded_lines": 0, "percent_statements_covered": 84.48275862068965, "percent_statements_covered_display": "84"}, "missing_lines": [61, 109, 123, 138, 139, 147, 154, 161, 168], "excluded_lines": []}, "": {"executed_lines": [1, 2, 3, 4, 5, 12, 13, 15, 16, 17, 46, 47, 68, 69, 104, 105, 115, 116, 131, 132, 194, 195], "summary": {"covered_lines": 21, "num_statements": 21, "percent_covered": 100.0, "percent_covered_display": "100", "missing_lines": 0, "excluded_lines": 0, "percent_statements_covered": 100.0, "percent_statements_covered_display": "100"}, "missing_lines": [], "excluded_lines": []}}}, "app\\controllers\\chatbot_controller.py": {"executed_lines": [1, 5, 6, 7, 8, 9, 12, 33, 76, 81, 82, 83, 125, 127, 129, 133, 134, 137, 138, 139, 140, 141, 142, 145, 146, 147, 149, 175, 203, 205, 209, 210, 213, 214, 215, 216, 217, 219, 221], "summary": {"covered_lines": 38, "num_statements": 109, "percent_covered": 34.862385321100916, "percent_covered_display": "35", "missing_lines": 71, "excluded_lines": 0, "percent_statements_covered": 34.862385321100916, "percent_statements_covered_display": "35"}, "missing_lines": [14, 15, 17, 18, 21, 22, 30, 35, 36, 38, 44, 50, 52, 53, 54, 55, 56, 58, 59, 60, 62, 63, 64, 65, 66, 67, 68, 69, 70, 71, 72, 73, 92, 93, 96, 105, 107, 114, 116, 130, 151, 152, 153, 154, 155, 156, 158, 159, 160, 161, 162, 163, 165, 166, 167, 168, 169, 170, 172, 177, 178, 180, 186, 192, 193, 194, 196, 198, 199, 200, 206], "excluded_lines": [], "functions": {"format_transactions_for_prompt": {"executed_lines": [], "summary": {"covered_lines": 0, "num_statements": 7, "percent_covered": 0.0, "percent_covered_display": "0", "missing_lines": 7, "excluded_lines": 0, "percent_statements_covered": 0.0, "percent_statements_covered_display": "0"}, "missing_lines": [14, 15, 17, 18, 21, 22, 30], "excluded_lines": []}, "get_ollama_response": {"executed_lines": [], "summary": {"covered_lines": 0, "num_statements": 25, "percent_covered": 0.0, "percent_covered_display": "0", "missing_lines": 25, "excluded_lines": 0, "percent_statements_covered": 0.0, "percent_statements_covered_display": "0"}, "missing_lines": [35, 36, 38, 44, 50, 52, 53, 54, 55, 56, 58, 59, 60, 62, 63, 64, 65, 66, 67, 68, 69, 70, 71, 72, 73], "excluded_lines": []}, "get_chatbot_response": {"executed_lines": [81, 82, 83], "summary": {"covered_lines": 3, "num_statements": 10, "percent_covered": 30.0, "percent_covered_display": "30", "missing_lines": 7, "excluded_lines": 0, "percent_statements_covered": 30.0, "percent_statements_covered_display": "30"}, "missing_lines": [92, 93, 96, 105, 107, 114, 116], "excluded_lines": []}, "generate_simple_response": {"executed_lines": [127, 129, 133, 134, 137, 138, 139, 140, 141, 142, 145, 146, 147, 149], "summary": {"covered_lines": 14, "num_statements": 34, "percent_covered": 41.1764705882353, "percent_covered_display": "41", "missing_lines": 20, "excluded_lines": 0, "percent_statements_covered": 41.1764705882353, "percent_statements_covered_display": "41"}, "missing_lines": [130, 151, 152, 153, 154, 155, 156, 158, 159, 160, 161, 162, 163, 165, 166, 167, 168, 169, 170, 172], "excluded_lines": []}, "get_ollama_response_fast": {"executed_lines": [], "summary": {"covered_lines": 0, "num_statements": 11, "percent_covered": 0.0, "percent_covered_display": "0", "missing_lines": 11, "excluded_lines": 0, "percent_statements_covered": 0.0, "percent_statements_covered_display": "0"}, "missing_lines": [177, 178, 180, 186, 192, 193, 194, 196, 198, 199, 200], "excluded_lines": []}, "get_spending_summary": {"executed_lines": [205, 209, 210, 213, 214, 215, 216, 217, 219, 221], "summary": {"covered_lines": 10, "num_statements": 11, "percent_covered": 90.9090909090909, "percent_covered_display": "91", "missing_lines": 1, "excluded_lines": 0, "percent_statements_covered": 90.9090909090909, "percent_statements_covered_display": "91"}, "missing_lines": [206], "excluded_lines": []}, "": {"executed_lines": [1, 5, 6, 7, 8, 9, 12, 33, 76, 125, 175, 203], "summary": {"covered_lines": 11, "num_statements": 11, "percent_covered": 100.0, "percent_covered_display": "100", "missing_lines": 0, "excluded_lines": 0, "percent_statements_covered": 100.0, "percent_statements_covered_display": "100"}, "missing_lines": [], "excluded_lines": []}}, "classes": {"": {"executed_lines": [1, 5, 6, 7, 8, 9, 12, 33, 76, 81, 82, 83, 125, 127, 129, 133, 134, 137, 138, 139, 140, 141, 142, 145, 146, 147, 149, 175, 203, 205, 209, 210, 213, 214, 215, 216, 217, 219, 221], "summary": {"covered_lines": 38, "num_statements": 109, "percent_covered": 34.862385321100916, "percent_covered_display": "35", "missing_lines": 71, "excluded_lines": 0, "percent_statements_covered": 34.862385321100916, "percent_statements_covered_display": "35"}, "missing_lines": [14, 15, 17, 18, 21, 22, 30, 35, 36, 38, 44, 50, 52, 53, 54, 55, 56, 58, 59, 60, 62, 63, 64, 65, 66, 67, 68, 69, 70, 71, 72, 73, 92, 93, 96, 105, 107, 114, 116, 130, 151, 152, 153, 154, 155, 156, 158, 159, 160, 161, 162, 163, 165, 166, 167, 168, 169, 170, 172, 177, 178, 180, 186, 192, 193, 194, 196, 198, 199, 200, 206], "excluded_lines": []}}}, "app\\controllers\\transaction_controller.py": {"executed_lines": [1, 2, 3, 4, 5, 6, 7, 8, 9, 10, 11, 12, 14, 15, 16, 17, 18, 19, 21, 23, 25, 28, 29, 32, 34, 38, 39, 40, 42, 43, 46, 47, 48, 51, 52, 102, 104, 105, 106, 108, 135, 136, 137, 141, 148, 149, 150, 152, 153, 154, 155, 156, 160, 162, 171, 172, 173, 176, 177, 181, 185, 198, 200, 205, 206, 210, 223, 225, 226, 228, 234, 242, 243, 248, 251, 271, 272, 273, 274, 280, 292, 294, 295, 297, 299, 300, 311, 312, 316, 328, 329, 330, 331, 337, 344, 348, 356, 359, 360, 362, 364, 366, 369, 370, 372, 373, 374, 376, 378, 386, 388, 389, 390, 392, 393, 394, 396, 398, 399, 400, 401, 403, 411, 413, 421, 422, 424, 426, 430], "summary": {"covered_lines": 128, "num_statements": 180, "percent_covered": 71.11111111111111, "percent_covered_display": "71", "missing_lines": 52, "excluded_lines": 0, "percent_statements_covered": 71.11111111111111, "percent_statements_covered_display": "71"}, "missing_lines": [35, 55, 66, 67, 68, 71, 72, 76, 77, 80, 93, 95, 109, 112, 113, 115, 118, 129, 138, 139, 151, 182, 207, 208, 230, 231, 235, 237, 239, 245, 276, 277, 278, 303, 304, 306, 308, 314, 333, 334, 335, 339, 340, 341, 342, 346, 428, 432, 439, 440, 441, 442], "excluded_lines": [], "functions": {"TransactionController.__init__": {"executed_lines": [16, 17, 18, 19], "summary": {"covered_lines": 4, "num_statements": 4, "percent_covered": 100.0, "percent_covered_display": "100", "missing_lines": 0, "excluded_lines": 0, "percent_statements_covered": 100.0, "percent_statements_covered_display": "100"}, "missing_lines": [], "excluded_lines": []}, "TransactionController.parse_sms": {"executed_lines": [23, 25, 28, 29, 32, 34, 38, 39, 40, 42, 43, 46, 47, 48, 51, 52, 102, 104, 105, 106, 108, 135, 136, 137], "summary": {"covered_lines": 24, "num_statements": 44, "percent_covered": 54.54545454545455, "percent_covered_display": "55", "missing_lines": 20, "excluded_lines": 0, "percent_statements_covered": 54.54545454545455, "percent_statements_covered_display": "55"}, "missing_lines": [35, 55, 66, 67, 68, 71, 72, 76, 77, 80, 93, 95, 109, 112, 113, 115, 118, 129, 138, 139], "excluded_lines": []}, "TransactionController.parse_sms_local_quick": {"executed_lines": [148, 149, 150, 152, 153, 154, 155, 156, 160, 162, 171, 172, 173, 176, 177, 181, 185, 198, 200, 205, 206], "summary": {"covered_lines": 21, "num_statements": 25, "percent_covered": 84.0, "percent_covered_display": "84", "missing_lines": 4, "excluded_lines": 0, "percent_statements_covered": 84.0, "percent_statements_covered_display": "84"}, "missing_lines": [151, 182, 207, 208], "excluded_lines": []}, "TransactionController.create_enhanced_transaction": {"executed_lines": [223, 225, 226, 228, 234, 242, 243, 248, 251, 271, 272, 273, 274], "summary": {"covered_lines": 13, "num_statements": 22, "percent_covered": 59.09090909090909, "percent_covered_display": "59", "missing_lines": 9, "excluded_lines": 0, "percent_statements_covered": 59.09090909090909, "percent_statements_covered_display": "59"}, "missing_lines": [230, 231, 235, 237, 239, 245, 276, 277, 278], "excluded_lines": []}, "TransactionController.create_transaction": {"executed_lines": [292, 294, 295, 297, 299, 300, 311, 312, 316, 328, 329, 330, 331], "summary": {"covered_lines": 13, "num_statements": 21, "percent_covered": 61.904761904761905, "percent_covered_display": "62", "missing_lines": 8, "excluded_lines": 0, "percent_statements_covered": 61.904761904761905, "percent_statements_covered_display": "62"}, "missing_lines": [303, 304, 306, 308, 314, 333, 334, 335], "excluded_lines": []}, "TransactionController.get_user_transactions": {"executed_lines": [], "summary": {"covered_lines": 0, "num_statements": 4, "percent_covered": 0.0, "percent_covered_display": "0", "missing_lines": 4, "excluded_lines": 0, "percent_statements_covered": 0.0, "percent_statements_covered_display": "0"}, "missing_lines": [339, 340, 341, 342], "excluded_lines": []}, "TransactionController.get_user_transaction_count": {"executed_lines": [], "summary": {"covered_lines": 0, "num_statements": 1, "percent_covered": 0.0, "percent_covered_display": "0", "missing_lines": 1, "excluded_lines": 0, "percent_statements_covered": 0.0, "percent_statements_covered_display": "0"}, "missing_lines": [346], "excluded_lines": []}, "TransactionController.get_transactions": {"executed_lines": [356, 359, 360, 362], "summary": {"covered_lines": 4, "num_statements": 4, "percent_covered": 100.0, "percent_covered_display": "100", "missing_lines": 0, "excluded_lines": 0, "percent_statements_covered": 100.0, "percent_statements_covered_display": "100"}, "missing_lines": [], "excluded_lines": []}, "TransactionController.get_transaction_by_id": {"executed_lines": [366, 369, 370, 372, 373, 374, 376], "summary": {"covered_lines": 7, "num_statements": 7, "percent_covered": 100.0, "percent_covered_display": "100", "missing_lines": 0, "excluded_lines": 0, "percent_statements_covered": 100.0, "percent_statements_covered_display": "100"}, "missing_lines": [], "excluded_lines": []}, "TransactionController.update_transaction": {"executed_lines": [386, 388, 389, 390, 392, 393, 394], "summary": {"covered_lines": 7, "num_statements": 7, "percent_covered": 100.0, "percent_covered_display": "100", "missing_lines": 0, "excluded_lines": 0, "percent_statements_covered": 100.0, "percent_statements_covered_display": "100"}, "missing_lines": [], "excluded_lines": []}, "TransactionController.delete_transaction": {"executed_lines": [398, 399, 400, 401], "summary": {"covered_lines": 4, "num_statements": 4, "percent_covered": 100.0, "percent_covered_display": "100", "missing_lines": 0, "excluded_lines": 0, "percent_statements_covered": 100.0, "percent_statements_covered_display": "100"}, "missing_lines": [], "excluded_lines": []}, "TransactionController.search_transactions": {"executed_lines": [411, 413, 421, 422, 424], "summary": {"covered_lines": 5, "num_statements": 5, "percent_covered": 100.0, "percent_covered_display": "100", "missing_lines": 0, "excluded_lines": 0, "percent_statements_covered": 100.0, "percent_statements_covered_display": "100"}, "missing_lines": [], "excluded_lines": []}, "TransactionController.get_categories": {"executed_lines": [], "summary": {"covered_lines": 0, "num_statements": 1, "percent_covered": 0.0, "percent_covered_display": "0", "missing_lines": 1, "excluded_lines": 0, "percent_statements_covered": 0.0, "percent_statements_covered_display": "0"}, "missing_lines": [428], "excluded_lines": []}, "TransactionController.create_category": {"executed_lines": [], "summary": {"covered_lines": 0, "num_statements": 5, "percent_covered": 0.0, "percent_covered_display": "0", "missing_lines": 5, "excluded_lines": 0, "percent_statements_covered": 0.0, "percent_statements_covered_display": "0"}, "missing_lines": [432, 439, 440, 441, 442], "excluded_lines": []}, "": {"executed_lines": [1, 2, 3, 4, 5, 6, 7, 8, 9, 10, 11, 12, 14, 15, 21, 141, 210, 280, 337, 344, 348, 364, 378, 396, 403, 426, 430], "summary": {"covered_lines": 26, "num_statements": 26, "percent_covered": 100.0, "percent_covered_display": "100", "missing_lines": 0, "excluded_lines": 0, "percent_statements_covered": 100.0, "percent_statements_covered_display": "100"}, "missing_lines": [], "excluded_lines": []}}, "classes": {"TransactionController": {"executed_lines": [16, 17, 18, 19, 23, 25, 28, 29, 32, 34, 38, 39, 40, 42, 43, 46, 47, 48, 51, 52, 102, 104, 105, 106, 108, 135, 136, 137, 148, 149, 150, 152, 153, 154, 155, 156, 160, 162, 171, 172, 173, 176, 177, 181, 185, 198, 200, 205, 206, 223, 225, 226, 228, 234, 242, 243, 248, 251, 271, 272, 273, 274, 292, 294, 295, 297, 299, 300, 311, 312, 316, 328, 329, 330, 331, 356, 359, 360, 362, 366, 369, 370, 372, 373, 374, 376, 386, 388, 389, 390, 392, 393, 394, 398, 399, 400, 401, 411, 413, 421, 422, 424], "summary": {"covered_lines": 102, "num_statements": 154, "percent_covered": 66.23376623376623, "percent_covered_display": "66", "missing_lines": 52, "excluded_lines": 0, "percent_statements_covered": 66.23376623376623, "percent_statements_covered_display": "66"}, "missing_lines": [35, 55, 66, 67, 68, 71, 72, 76, 77, 80, 93, 95, 109, 112, 113, 115, 118, 129, 138, 139, 151, 182, 207, 208, 230, 231, 235, 237, 239, 245, 276, 277, 278, 303, 304, 306, 308, 314, 333, 334, 335, 339, 340, 341, 342, 346, 428, 432, 439, 440, 441, 442], "excluded_lines": []}, "": {"executed_lines": [1, 2, 3, 4, 5, 6, 7, 8, 9, 10, 11, 12, 14, 15, 21, 141, 210, 280, 337, 344, 348, 364, 378, 396, 403, 426, 430], "summary": {"covered_lines": 26, "num_statements": 26, "percent_covered": 100.0, "percent_covered_display": "100", "missing_lines": 0, "excluded_lines": 0, "percent_statements_covered": 100.0, "percent_statements_covered_display": "100"}, "missing_lines": [], "excluded_lines": []}}}, "app\\main.py": {"executed_lines": [1, 5, 6, 7, 8, 9, 10, 13, 16, 23, 32, 33, 34, 35, 36, 37, 38, 39, 40, 42, 43, 45, 51, 52, 54, 61], "summary": {"covered_lines": 25, "num_statements": 27, "percent_covered": 92.5925925925926, "percent_covered_display": "93", "missing_lines": 2, "excluded_lines": 0, "percent_statements_covered": 92.5925925925926, "percent_statements_covered_display": "93"}, "missing_lines": [62, 63], "excluded_lines": [], "functions": {"root": {"executed_lines": [45], "summary": {"covered_lines": 1, "num_statements": 1, "percent_covered": 100.0, "percent_covered_display": "100", "missing_lines": 0, "excluded_lines": 0, "percent_statements_covered": 100.0, "percent_statements_covered_display": "100"}, "missing_lines": [], "excluded_lines": []}, "health_check": {"executed_lines": [54], "summary": {"covered_lines": 1, "num_statements": 1, "percent_covered": 100.0, "percent_covered_display": "100", "missing_lines": 0, "excluded_lines": 0, "percent_statements_covered": 100.0, "percent_statements_covered_display": "100"}, "missing_lines": [], "excluded_lines": []}, "": {"executed_lines": [1, 5, 6, 7, 8, 9, 10, 13, 16, 23, 32, 33, 34, 35, 36, 37, 38, 39, 40, 42, 43, 51, 52, 61], "summary": {"covered_lines": 23, "num_statements": 25, "percent_covered": 92.0, "percent_covered_display": "92", "missing_lines": 2, "excluded_lines": 0, "percent_statements_covered": 92.0, "percent_statements_covered_display": "92"}, "missing_lines": [62, 63], "excluded_lines": []}}, "classes": {"": {"executed_lines": [1, 5, 6, 7, 8, 9, 10, 13, 16, 23, 32, 33, 34, 35, 36, 37, 38, 39, 40, 42, 43, 45, 51, 52, 54, 61], "summary": {"covered_lines": 25, "num_statements": 27, "percent_covered": 92.5925925925926, "percent_covered_display": "93", "missing_lines": 2, "excluded_lines": 0, "percent_statements_covered": 92.5925925925926, "percent_statements_covered_display": "93"}, "missing_lines": [62, 63], "excluded_lines": []}}}, "app\\models\\__init__.py": {"executed_lines": [2, 3, 5], "summary": {"covered_lines": 3, "num_statements": 3, "percent_covered": 100.0, "percent_covered_display": "100", "missing_lines": 0, "excluded_lines": 0, "percent_statements_covered": 100.0, "percent_statements_covered_display": "100"}, "missing_lines": [], "excluded_lines": [], "functions": {"": {"executed_lines": [2, 3, 5], "summary": {"covered_lines": 3, "num_statements": 3, "percent_covered": 100.0, "percent_covered_display": "100", "missing_lines": 0, "excluded_lines": 0, "percent_statements_covered": 100.0, "percent_statements_covered_display": "100"}, "missing_lines": [], "excluded_lines": []}}, "classes": {"": {"executed_lines": [2, 3, 5], "summary": {"covered_lines": 3, "num_statements": 3, "percent_covered": 100.0, "percent_covered_display": "100", "missing_lines": 0, "excluded_lines": 0, "percent_statements_covered": 100.0, "percent_statements_covered_display": "100"}, "missing_lines": [], "excluded_lines": []}}}, "app\\models\\transaction.py": {"executed_lines": [1, 2, 3, 4, 5, 7, 8, 10, 11, 12, 13, 14, 15, 16, 17, 18, 19, 22, 23, 24, 25, 26, 27, 28, 33, 36, 37, 39, 40, 41, 42, 43, 44, 46], "summary": {"covered_lines": 33, "num_statements": 35, "percent_covered": 94.28571428571429, "percent_covered_display": "94", "missing_lines": 2, "excluded_lines": 0, "percent_statements_covered": 94.28571428571429, "percent_statements_covered_display": "94"}, "missing_lines": [34, 47], "excluded_lines": [], "functions": {"Transaction.__repr__": {"executed_lines": [], "summary": {"covered_lines": 0, "num_statements": 1, "percent_covered": 0.0, "percent_covered_display": "0", "missing_lines": 1, "excluded_lines": 0, "percent_statements_covered": 0.0, "percent_statements_covered_display": "0"}, "missing_lines": [34], "excluded_lines": []}, "Category.__repr__": {"executed_lines": [], "summary": {"covered_lines": 0, "num_statements": 1, "percent_covered": 0.0, "percent_covered_display": "0", "missing_lines": 1, "excluded_lines": 0, "percent_statements_covered": 0.0, "percent_statements_covered_display": "0"}, "missing_lines": [47], "excluded_lines": []}, "": {"executed_lines": [1, 2, 3, 4, 5, 7, 8, 10, 11, 12, 13, 14, 15, 16, 17, 18, 19, 22, 23, 24, 25, 26, 27, 28, 33, 36, 37, 39, 40, 41, 42, 43, 44, 46], "summary": {"covered_lines": 33, "num_statements": 33, "percent_covered": 100.0, "percent_covered_display": "100", "missing_lines": 0, "excluded_lines": 0, "percent_statements_covered": 100.0, "percent_statements_covered_display": "100"}, "missing_lines": [], "excluded_lines": []}}, "classes": {"Transaction": {"executed_lines": [], "summary": {"covered_lines": 0, "num_statements": 1, "percent_covered": 0.0, "percent_covered_display": "0", "missing_lines": 1, "excluded_lines": 0, "percent_statements_covered": 0.0, "percent_statements_covered_display": "0"}, "missing_lines": [34], "excluded_lines": []}, "Category": {"executed_lines": [], "summary": {"covered_lines": 0, "num_statements": 1, "percent_covered": 0.0, "percent_covered_display": "0", "missing_lines": 1, "excluded_lines": 0, "percent_statements_covered": 0.0, "percent_statements_covered_display": "0"}, "missing_lines": [47], "excluded_lines": []}, "": {"executed_lines": [1, 2, 3, 4, 5, 7, 8, 10, 11, 12, 13, 14, 15, 16, 17, 18, 19, 22, 23, 24, 25, 26, 27, 28, 33, 36, 37, 39, 40, 41, 42, 43, 44, 46], "summary": {"covered_lines": 33, "num_statements": 33, "percent_covered": 100.0, "percent_covered_display": "100", "missing_lines": 0, "excluded_lines": 0, "percent_statements_covered": 100.0, "percent_statements_covered_display": "100"}, "missing_lines": [], "excluded_lines": []}}}, "app\\models\\user.py": {"executed_lines": [1, 2, 3, 4, 5, 7, 8, 10, 11, 12, 13, 14, 15, 16, 17, 18, 19, 20, 25], "summary": {"covered_lines": 18, "num_statements": 19, "percent_covered": 94.73684210526316, "percent_covered_display": "95", "missing_lines": 1, "excluded_lines": 0, "percent_statements_covered": 94.73684210526316, "percent_statements_covered_display": "95"}, "missing_lines": [26], "excluded_lines": [], "functions": {"User.__repr__": {"executed_lines": [], "summary": {"covered_lines": 0, "num_statements": 1, "percent_covered": 0.0, "percent_covered_display": "0", "missing_lines": 1, "excluded_lines": 0, "percent_statements_covered": 0.0, "percent_statements_covered_display": "0"}, "missing_lines": [26], "excluded_lines": []}, "": {"executed_lines": [1, 2, 3, 4, 5, 7, 8, 10, 11, 12, 13, 14, 15, 16, 17, 18, 19, 20, 25], "summary": {"covered_lines": 18, "num_statements": 18, "percent_covered": 100.0, "percent_covered_display": "100", "missing_lines": 0, "excluded_lines": 0, "percent_statements_covered": 100.0, "percent_statements_covered_display": "100"}, "missing_lines": [], "excluded_lines": []}}, "classes": {"User": {"executed_lines": [], "summary": {"covered_lines": 0, "num_statements": 1, "percent_covered": 0.0, "percent_covered_display": "0", "missing_lines": 1, "excluded_lines": 0, "percent_statements_covered": 0.0, "percent_statements_covered_display": "0"}, "missing_lines": [26], "excluded_lines": []}, "": {"executed_lines": [1, 2, 3, 4, 5, 7, 8, 10, 11, 12, 13, 14, 15, 16, 17, 18, 19, 20, 25], "summary": {"covered_lines": 18, "num_statements": 18, "percent_covered": 100.0, "percent_covered_display": "100", "missing_lines": 0, "excluded_lines": 0, "percent_statements_covered": 100.0, "percent_statements_covered_display": "100"}, "missing_lines": [], "excluded_lines": []}}}, "app\\routes\\__init__.py": {"executed_lines": [0], "summary": {"covered_lines": 0, "num_statements": 0, "percent_covered": 100.0, "percent_covered_display": "100", "missing_lines": 0, "excluded_lines": 0, "percent_statements_covered": 100.0, "percent_statements_covered_display": "100"}, "missing_lines": [], "excluded_lines": [], "functions": {"": {"executed_lines": [], "summary": {"covered_lines": 0, "num_statements": 0, "percent_covered": 100.0, "percent_covered_display": "100", "missing_lines": 0, "excluded_lines": 0, "percent_statements_covered": 100.0, "percent_statements_covered_display": "100"}, "missing_lines": [], "excluded_lines": []}}, "classes": {"": {"executed_lines": [], "summary": {"covered_lines": 0, "num_statements": 0, "percent_covered": 100.0, "percent_covered_display": "100", "missing_lines": 0, "excluded_lines": 0, "percent_statements_covered": 100.0, "percent_statements_covered_display": "100"}, "missing_lines": [], "excluded_lines": []}}}, "app\\routes\\analytics_routes.py": {"executed_lines": [1, 2, 3, 4, 5, 6, 7, 8, 9, 10, 12, 14, 15, 21, 23, 24, 34, 35, 36, 37, 39, 40, 41, 42, 45, 46, 49, 50, 53, 55, 56, 57, 59, 62, 80, 81, 87, 99, 100, 102, 103, 111, 114, 115, 116, 117, 123, 139, 140, 146, 159, 160, 161, 162, 168, 169, 189, 199, 200, 206, 218, 219, 220, 227], "summary": {"covered_lines": 63, "num_statements": 77, "percent_covered": 81.81818181818181, "percent_covered_display": "82", "missing_lines": 14, "excluded_lines": 0, "percent_statements_covered": 81.81818181818181, "percent_statements_covered_display": "82"}, "missing_lines": [51, 60, 119, 120, 121, 172, 173, 174, 176, 177, 178, 180, 181, 183], "excluded_lines": [], "functions": {"get_insights": {"executed_lines": [21, 23, 24, 34, 35, 36, 37, 39, 40, 41, 42, 45, 46, 49, 50, 53, 55, 56, 57, 59, 62], "summary": {"covered_lines": 21, "num_statements": 23, "percent_covered": 91.30434782608695, "percent_covered_display": "91", "missing_lines": 2, "excluded_lines": 0, "percent_statements_covered": 91.30434782608695, "percent_statements_covered_display": "91"}, "missing_lines": [51, 60], "excluded_lines": []}, "get_spending_by_category": {"executed_lines": [87, 99, 100, 102, 103, 111, 114, 115, 116, 117, 123], "summary": {"covered_lines": 11, "num_statements": 14, "percent_covered": 78.57142857142857, "percent_covered_display": "79", "missing_lines": 3, "excluded_lines": 0, "percent_statements_covered": 78.57142857142857, "percent_statements_covered_display": "79"}, "missing_lines": [119, 120, 121], "excluded_lines": []}, "get_monthly_trends": {"executed_lines": [146, 159, 160, 161, 162, 168, 169, 189], "summary": {"covered_lines": 8, "num_statements": 17, "percent_covered": 47.05882352941177, "percent_covered_display": "47", "missing_lines": 9, "excluded_lines": 0, "percent_statements_covered": 47.05882352941177, "percent_statements_covered_display": "47"}, "missing_lines": [172, 173, 174, 176, 177, 178, 180, 181, 183], "excluded_lines": []}, "get_top_vendors": {"executed_lines": [206, 218, 219, 220, 227], "summary": {"covered_lines": 5, "num_statements": 5, "percent_covered": 100.0, "percent_covered_display": "100", "missing_lines": 0, "excluded_lines": 0, "percent_statements_covered": 100.0, "percent_statements_covered_display": "100"}, "missing_lines": [], "excluded_lines": []}, "": {"executed_lines": [1, 2, 3, 4, 5, 6, 7, 8, 9, 10, 12, 14, 15, 80, 81, 139, 140, 199, 200], "summary": {"covered_lines": 18, "num_statements": 18, "percent_covered": 100.0, "percent_covered_display": "100", "missing_lines": 0, "excluded_lines": 0, "percent_statements_covered": 100.0, "percent_statements_covered_display": "100"}, "missing_lines": [], "excluded_lines": []}}, "classes": {"": {"executed_lines": [1, 2, 3, 4, 5, 6, 7, 8, 9, 10, 12, 14, 15, 21, 23, 24, 34, 35, 36, 37, 39, 40, 41, 42, 45, 46, 49, 50, 53, 55, 56, 57, 59, 62, 80, 81, 87, 99, 100, 102, 103, 111, 114, 115, 116, 117, 123, 139, 140, 146, 159, 160, 161, 162, 168, 169, 189, 199, 200, 206, 218, 219, 220, 227], "summary": {"covered_lines": 63, "num_statements": 77, "percent_covered": 81.81818181818181, "percent_covered_display": "82", "missing_lines": 14, "excluded_lines": 0, "percent_statements_covered": 81.81818181818181, "percent_statements_covered_display": "82"}, "missing_lines": [51, 60, 119, 120, 121, 172, 173, 174, 176, 177, 178, 180, 181, 183], "excluded_lines": []}}}, "app\\routes\\auth_routes.py": {"executed_lines": [1, 2, 3, 4, 5, 6, 7, 8, 9, 11, 14, 15, 16, 17, 18, 20, 21, 22, 23, 24, 25, 26, 28, 29, 31, 32, 33, 34, 35, 36, 37, 39, 40, 42, 43, 44, 45, 46, 48, 49, 51, 59, 60, 62, 63, 64, 66, 67, 69, 71, 72, 78, 80, 81, 83, 85, 86, 88], "summary": {"covered_lines": 57, "num_statements": 57, "percent_covered": 100.0, "percent_covered_display": "100", "missing_lines": 0, "excluded_lines": 0, "percent_statements_covered": 100.0, "percent_statements_covered_display": "100"}, "missing_lines": [], "excluded_lines": [], "functions": {"register": {"executed_lines": [51], "summary": {"covered_lines": 1, "num_statements": 1, "percent_covered": 100.0, "percent_covered_display": "100", "missing_lines": 0, "excluded_lines": 0, "percent_statements_covered": 100.0, "percent_statements_covered_display": "100"}, "missing_lines": [], "excluded_lines": []}, "login": {"executed_lines": [62, 63, 64], "summary": {"covered_lines": 3, "num_statements": 3, "percent_covered": 100.0, "percent_covered_display": "100", "missing_lines": 0, "excluded_lines": 0, "percent_statements_covered": 100.0, "percent_statements_covered_display": "100"}, "missing_lines": [], "excluded_lines": []}, "get_current_user_info": {"executed_lines": [69], "summary": {"covered_lines": 1, "num_statements": 1, "percent_covered": 100.0, "percent_covered_display": "100", "missing_lines": 0, "excluded_lines": 0, "percent_statements_covered": 100.0, "percent_statements_covered_display": "100"}, "missing_lines": [], "excluded_lines": []}, "update_current_user": {"executed_lines": [78], "summary": {"covered_lines": 1, "num_statements": 1, "percent_covered": 100.0, "percent_covered_display": "100", "missing_lines": 0, "excluded_lines": 0, "percent_statements_covered": 100.0, "percent_statements_covered_display": "100"}, "missing_lines": [], "excluded_lines": []}, "refresh_token": {"executed_lines": [83], "summary": {"covered_lines": 1, "num_statements": 1, "percent_covered": 100.0, "percent_covered_display": "100", "missing_lines": 0, "excluded_lines": 0, "percent_statements_covered": 100.0, "percent_statements_covered_display": "100"}, "missing_lines": [], "excluded_lines": []}, "logout": {"executed_lines": [88], "summary": {"covered_lines": 1, "num_statements": 1, "percent_covered": 100.0, "percent_covered_display": "100", "missing_lines": 0, "excluded_lines": 0, "percent_statements_covered": 100.0, "percent_statements_covered_display": "100"}, "missing_lines": [], "excluded_lines": []}, "": {"executed_lines": [1, 2, 3, 4, 5, 6, 7, 8, 9, 11, 14, 15, 16, 17, 18, 20, 21, 22, 23, 24, 25, 26, 28, 29, 31, 32, 33, 34, 35, 36, 37, 39, 40, 42, 43, 44, 45, 46, 48, 49, 59, 60, 66, 67, 71, 72, 80, 81, 85, 86], "summary": {"covered_lines": 49, "num_statements": 49, "percent_covered": 100.0, "percent_covered_display": "100", "missing_lines": 0, "excluded_lines": 0, "percent_statements_covered": 100.0, "percent_statements_covered_display": "100"}, "missing_lines": [], "excluded_lines": []}}, "classes": {"UserCreate": {"executed_lines": [], "summary": {"covered_lines": 0, "num_statements": 0, "percent_covered": 100.0, "percent_covered_display": "100", "missing_lines": 0, "excluded_lines": 0, "percent_statements_covered": 100.0, "percent_statements_covered_display": "100"}, "missing_lines": [], "excluded_lines": []}, "UserResponse": {"executed_lines": [], "summary": {"covered_lines": 0, "num_statements": 0, "percent_covered": 100.0, "percent_covered_display": "100", "missing_lines": 0, "excluded_lines": 0, "percent_statements_covered": 100.0, "percent_statements_covered_display": "100"}, "missing_lines": [], "excluded_lines": []}, "UserResponse.Config": {"executed_lines": [], "summary": {"covered_lines": 0, "num_statements": 0, "percent_covered": 100.0, "percent_covered_display": "100", "missing_lines": 0, "excluded_lines": 0, "percent_statements_covered": 100.0, "percent_statements_covered_display": "100"}, "missing_lines": [], "excluded_lines": []}, "Token": {"executed_lines": [], "summary": {"covered_lines": 0, "num_statements": 0, "percent_covered": 100.0, "percent_covered_display": "100", "missing_lines": 0, "excluded_lines": 0, "percent_statements_covered": 100.0, "percent_statements_covered_display": "100"}, "missing_lines": [], "excluded_lines": []}, "RefreshTokenRequest": {"executed_lines": [], "summary": {"covered_lines": 0, "num_statements": 0, "percent_covered": 100.0, "percent_covered_display": "100", "missing_lines": 0, "excluded_lines": 0, "percent_statements_covered": 100.0, "percent_statements_covered_display": "100"}, "missing_lines": [], "excluded_lines": []}, "AccessTokenResponse": {"executed_lines": [], "summary": {"covered_lines": 0, "num_statements": 0, "percent_covered": 100.0, "percent_covered_display": "100", "missing_lines": 0, "excluded_lines": 0, "percent_statements_covered": 100.0, "percent_statements_covered_display": "100"}, "missing_lines": [], "excluded_lines": []}, "": {"executed_lines": [1, 2, 3, 4, 5, 6, 7, 8, 9, 11, 14, 15, 16, 17, 18, 20, 21, 22, 23, 24, 25, 26, 28, 29, 31, 32, 33, 34, 35, 36, 37, 39, 40, 42, 43, 44, 45, 46, 48, 49, 51, 59, 60, 62, 63, 64, 66, 67, 69, 71, 72, 78, 80, 81, 83, 85, 86, 88], "summary": {"covered_lines": 57, "num_statements": 57, "percent_covered": 100.0, "percent_covered_display": "100", "missing_lines": 0, "excluded_lines": 0, "percent_statements_covered": 100.0, "percent_statements_covered_display": "100"}, "missing_lines": [], "excluded_lines": []}}}, "app\\routes\\categorize_routes.py": {"executed_lines": [1, 2, 4, 7, 18, 19, 23, 24, 25, 28, 29, 30, 32, 33, 34, 36, 37, 38, 39, 41], "summary": {"covered_lines": 19, "num_statements": 24, "percent_covered": 79.16666666666667, "percent_covered_display": "79", "missing_lines": 5, "excluded_lines": 0, "percent_statements_covered": 79.16666666666667, "percent_statements_covered_display": "79"}, "missing_lines": [26, 47, 48, 49, 50], "excluded_lines": [], "functions": {"categorize_vendor": {"executed_lines": [23, 24, 25, 28, 29, 30, 32, 33, 34, 36, 37, 38, 39, 41], "summary": {"covered_lines": 14, "num_statements": 19, "percent_covered": 73.6842105263158, "percent_covered_display": "74", "missing_lines": 5, "excluded_lines": 0, "percent_statements_covered": 73.6842105263158, "percent_statements_covered_display": "74"}, "missing_lines": [26, 47, 48, 49, 50], "excluded_lines": []}, "": {"executed_lines": [1, 2, 4, 7, 18, 19], "summary": {"covered_lines": 5, "num_statements": 5, "percent_covered": 100.0, "percent_covered_display": "100", "missing_lines": 0, "excluded_lines": 0, "percent_statements_covered": 100.0, "percent_statements_covered_display": "100"}, "missing_lines": [], "excluded_lines": []}}, "classes": {"": {"executed_lines": [1, 2, 4, 7, 18, 19, 23, 24, 25, 28, 29, 30, 32, 33, 34, 36, 37, 38, 39, 41], "summary": {"covered_lines": 19, "num_statements": 24, "percent_covered": 79.16666666666667, "percent_covered_display": "79", "missing_lines": 5, "excluded_lines": 0, "percent_statements_covered": 79.16666666666667, "percent_statements_covered_display": "79"}, "missing_lines": [26, 47, 48, 49, 50], "excluded_lines": []}}}, "app\\routes\\chatbot_routes.py": {"executed_lines": [1, 5, 6, 7, 8, 10, 11, 12, 14, 17, 18, 19, 22, 23, 24, 25, 28, 29, 37, 38, 41, 43, 45, 46, 53, 54, 55, 57, 58, 66, 67, 74, 76, 78, 80, 90, 91, 97, 99, 101, 102, 108, 111, 112, 114], "summary": {"covered_lines": 44, "num_statements": 52, "percent_covered": 84.61538461538461, "percent_covered_display": "85", "missing_lines": 8, "excluded_lines": 0, "percent_statements_covered": 84.61538461538461, "percent_statements_covered_display": "85"}, "missing_lines": [60, 61, 62, 63, 86, 87, 120, 121], "excluded_lines": [], "functions": {"query_chatbot": {"executed_lines": [37, 38, 41, 43, 45, 46, 53, 54, 55, 57, 58], "summary": {"covered_lines": 11, "num_statements": 15, "percent_covered": 73.33333333333333, "percent_covered_display": "73", "missing_lines": 4, "excluded_lines": 0, "percent_statements_covered": 73.33333333333333, "percent_statements_covered_display": "73"}, "missing_lines": [60, 61, 62, 63], "excluded_lines": []}, "get_financial_summary": {"executed_lines": [74, 76, 78, 80], "summary": {"covered_lines": 4, "num_statements": 6, "percent_covered": 66.66666666666667, "percent_covered_display": "67", "missing_lines": 2, "excluded_lines": 0, "percent_statements_covered": 66.66666666666667, "percent_statements_covered_display": "67"}, "missing_lines": [86, 87], "excluded_lines": []}, "get_quick_insights": {"executed_lines": [97, 99, 101, 102, 108, 111, 112, 114], "summary": {"covered_lines": 8, "num_statements": 10, "percent_covered": 80.0, "percent_covered_display": "80", "missing_lines": 2, "excluded_lines": 0, "percent_statements_covered": 80.0, "percent_statements_covered_display": "80"}, "missing_lines": [120, 121], "excluded_lines": []}, "": {"executed_lines": [1, 5, 6, 7, 8, 10, 11, 12, 14, 17, 18, 19, 22, 23, 24, 25, 28, 29, 66, 67, 90, 91], "summary": {"covered_lines": 21, "num_statements": 21, "percent_covered": 100.0, "percent_covered_display": "100", "missing_lines": 0, "excluded_lines": 0, "percent_statements_covered": 100.0, "percent_statements_covered_display": "100"}, "missing_lines": [], "excluded_lines": []}}, "classes": {"ChatbotQuery": {"executed_lines": [], "summary": {"covered_lines": 0, "num_statements": 0, "percent_covered": 100.0, "percent_covered_display": "100", "missing_lines": 0, "excluded_lines": 0, "percent_statements_covered": 100.0, "percent_statements_covered_display": "100"}, "missing_lines": [], "excluded_lines": []}, "ChatbotResponse": {"executed_lines": [], "summary": {"covered_lines": 0, "num_statements": 0, "percent_covered": 100.0, "percent_covered_display": "100", "missing_lines": 0, "excluded_lines": 0, "percent_statements_covered": 100.0, "percent_statements_covered_display": "100"}, "missing_lines": [], "excluded_lines": []}, "": {"executed_lines": [1, 5, 6, 7, 8, 10, 11, 12, 14, 17, 18, 19, 22, 23, 24, 25, 28, 29, 37, 38, 41, 43, 45, 46, 53, 54, 55, 57, 58, 66, 67, 74, 76, 78, 80, 90, 91, 97, 99, 101, 102, 108, 111, 112, 114], "summary": {"covered_lines": 44, "num_statements": 52, "percent_covered": 84.61538461538461, "percent_covered_display": "85", "missing_lines": 8, "excluded_lines": 0, "percent_statements_covered": 84.61538461538461, "percent_statements_covered_display": "85"}, "missing_lines": [60, 61, 62, 63, 86, 87, 120, 121], "excluded_lines": []}}}, "app\\routes\\enhanced_chatbot_routes.py": {"executed_lines": [1, 5, 6, 7, 8, 9, 10, 11, 12, 13, 14, 15, 16, 18, 21, 22, 25, 26, 28, 29, 30, 31, 32, 34, 35, 36, 37, 38, 39, 40, 41, 43, 44, 51, 53, 55, 56, 61, 62, 70, 82, 83, 90, 91, 94, 97, 98, 99, 103, 118, 119, 125, 126, 129, 133, 135, 145, 146, 147, 157, 162, 165, 185, 187, 189, 192, 194, 196, 198, 201, 205, 206, 209, 210, 211, 213, 214, 218, 219, 222, 223, 226, 227, 228, 231, 234, 239, 248, 249, 250, 252, 254, 255, 256, 259, 260, 261, 262, 264, 266, 269, 272, 273, 276, 277, 278, 279, 280, 281, 284, 285, 304, 306, 308, 311, 314, 317, 318, 319, 320, 323, 324, 326, 342, 343, 349, 353, 355, 362, 365, 367, 370, 371, 373, 375, 378, 381, 384, 386, 387, 397], "summary": {"covered_lines": 140, "num_statements": 172, "percent_covered": 81.3953488372093, "percent_covered_display": "81", "missing_lines": 32, "excluded_lines": 0, "percent_statements_covered": 81.3953488372093, "percent_statements_covered_display": "81"}, "missing_lines": [71, 104, 105, 114, 115, 159, 160, 190, 202, 215, 229, 233, 235, 236, 287, 288, 289, 290, 291, 292, 294, 295, 296, 297, 298, 299, 302, 312, 368, 376, 379, 382], "excluded_lines": [], "functions": {"enhanced_chatbot_query": {"executed_lines": [51, 53, 55, 56, 61, 62, 70, 82, 83, 90, 91, 94, 97, 98, 99, 103, 118, 119, 125, 126, 129, 133, 135, 145, 146, 147], "summary": {"covered_lines": 26, "num_statements": 31, "percent_covered": 83.87096774193549, "percent_covered_display": "84", "missing_lines": 5, "excluded_lines": 0, "percent_statements_covered": 83.87096774193549, "percent_statements_covered_display": "84"}, "missing_lines": [71, 104, 105, 114, 115], "excluded_lines": []}, "_generate_enhanced_response": {"executed_lines": [], "summary": {"covered_lines": 0, "num_statements": 2, "percent_covered": 0.0, "percent_covered_display": "0", "missing_lines": 2, "excluded_lines": 0, "percent_statements_covered": 0.0, "percent_statements_covered_display": "0"}, "missing_lines": [159, 160], "excluded_lines": []}, "_generate_enhanced_response_with_context": {"executed_lines": [165, 185, 187, 189, 192, 194, 196], "summary": {"covered_lines": 7, "num_statements": 8, "percent_covered": 87.5, "percent_covered_display": "88", "missing_lines": 1, "excluded_lines": 0, "percent_statements_covered": 87.5, "percent_statements_covered_display": "88"}, "missing_lines": [190], "excluded_lines": []}, "_prepare_rich_transaction_context": {"executed_lines": [201, 205, 206, 209, 210, 211, 213, 214, 218, 219, 222, 223, 226, 227, 228, 231, 234, 239, 248, 249, 250, 252, 254, 255, 256, 259, 260, 261, 262, 264], "summary": {"covered_lines": 30, "num_statements": 36, "percent_covered": 83.33333333333333, "percent_covered_display": "83", "missing_lines": 6, "excluded_lines": 0, "percent_statements_covered": 83.33333333333333, "percent_statements_covered_display": "83"}, "missing_lines": [202, 215, 229, 233, 235, 236], "excluded_lines": []}, "_generate_analytical_fallback": {"executed_lines": [269, 272, 273, 276, 277, 278, 279, 280, 281, 284, 285], "summary": {"covered_lines": 11, "num_statements": 24, "percent_covered": 45.833333333333336, "percent_covered_display": "46", "missing_lines": 13, "excluded_lines": 0, "percent_statements_covered": 45.833333333333336, "percent_statements_covered_display": "46"}, "missing_lines": [287, 288, 289, 290, 291, 292, 294, 295, 296, 297, 298, 299, 302], "excluded_lines": []}, "_generate_simple_response": {"executed_lines": [306], "summary": {"covered_lines": 1, "num_statements": 1, "percent_covered": 100.0, "percent_covered_display": "100", "missing_lines": 0, "excluded_lines": 0, "percent_statements_covered": 100.0, "percent_statements_covered_display": "100"}, "missing_lines": [], "excluded_lines": []}, "_analyze_data_quality": {"executed_lines": [311, 314, 317, 318, 319, 320, 323, 324, 326], "summary": {"covered_lines": 9, "num_statements": 10, "percent_covered": 90.0, "percent_covered_display": "90", "missing_lines": 1, "excluded_lines": 0, "percent_statements_covered": 90.0, "percent_statements_covered_display": "90"}, "missing_lines": [312], "excluded_lines": []}, "get_data_quality_report": {"executed_lines": [349, 353, 355], "summary": {"covered_lines": 3, "num_statements": 3, "percent_covered": 100.0, "percent_covered_display": "100", "missing_lines": 0, "excluded_lines": 0, "percent_statements_covered": 100.0, "percent_statements_covered_display": "100"}, "missing_lines": [], "excluded_lines": []}, "_get_quality_recommendations": {"executed_lines": [365, 367, 370, 371, 373, 375, 378, 381, 384], "summary": {"covered_lines": 9, "num_statements": 13, "percent_covered": 69.23076923076923, "percent_covered_display": "69", "missing_lines": 4, "excluded_lines": 0, "percent_statements_covered": 69.23076923076923, "percent_statements_covered_display": "69"}, "missing_lines": [368, 376, 379, 382], "excluded_lines": []}, "save_conversation": {"executed_lines": [397], "summary": {"covered_lines": 1, "num_statements": 1, "percent_covered": 100.0, "percent_covered_display": "100", "missing_lines": 0, "excluded_lines": 0, "percent_statements_covered": 100.0, "percent_statements_covered_display": "100"}, "missing_lines": [], "excluded_lines": []}, "": {"executed_lines": [1, 5, 6, 7, 8, 9, 10, 11, 12, 13, 14, 15, 16, 18, 21, 22, 25, 26, 28, 29, 30, 31, 32, 34, 35, 36, 37, 38, 39, 40, 41, 43, 44, 157, 162, 198, 266, 304, 308, 342, 343, 362, 386, 387], "summary": {"covered_lines": 43, "num_statements": 43, "percent_covered": 100.0, "percent_covered_display": "100", "missing_lines": 0, "excluded_lines": 0, "percent_statements_covered": 100.0, "percent_statements_covered_display": "100"}, "missing_lines": [], "excluded_lines": []}}, "classes": {"EnhancedChatQuery": {"executed_lines": [], "summary": {"covered_lines": 0, "num_statements": 0, "percent_covered": 100.0, "percent_covered_display": "100", "missing_lines": 0, "excluded_lines": 0, "percent_statements_covered": 100.0, "percent_statements_covered_display": "100"}, "missing_lines": [], "excluded_lines": []}, "EnhancedChatResponse": {"executed_lines": [], "summary": {"covered_lines": 0, "num_statements": 0, "percent_covered": 100.0, "percent_covered_display": "100", "missing_lines": 0, "excluded_lines": 0, "percent_statements_covered": 100.0, "percent_statements_covered_display": "100"}, "missing_lines": [], "excluded_lines": []}, "": {"executed_lines": [1, 5, 6, 7, 8, 9, 10, 11, 12, 13, 14, 15, 16, 18, 21, 22, 25, 26, 28, 29, 30, 31, 32, 34, 35, 36, 37, 38, 39, 40, 41, 43, 44, 51, 53, 55, 56, 61, 62, 70, 82, 83, 90, 91, 94, 97, 98, 99, 103, 118, 119, 125, 126, 129, 133, 135, 145, 146, 147, 157, 162, 165, 185, 187, 189, 192, 194, 196, 198, 201, 205, 206, 209, 210, 211, 213, 214, 218, 219, 222, 223, 226, 227, 228, 231, 234, 239, 248, 249, 250, 252, 254, 255, 256, 259, 260, 261, 262, 264, 266, 269, 272, 273, 276, 277, 278, 279, 280, 281, 284, 285, 304, 306, 308, 311, 314, 317, 318, 319, 320, 323, 324, 326, 342, 343, 349, 353, 355, 362, 365, 367, 370, 371, 373, 375, 378, 381, 384, 386, 387, 397], "summary": {"covered_lines": 140, "num_statements": 172, "percent_covered": 81.3953488372093, "percent_covered_display": "81", "missing_lines": 32, "excluded_lines": 0, "percent_statements_covered": 81.3953488372093, "percent_statements_covered_display": "81"}, "missing_lines": [71, 104, 105, 114, 115, 159, 160, 190, 202, 215, 229, 233, 235, 236, 287, 288, 289, 290, 291, 292, 294, 295, 296, 297, 298, 299, 302, 312, 368, 376, 379, 382], "excluded_lines": []}}}, "app\\routes\\monthly_routes.py": {"executed_lines": [1, 2, 3, 4, 5, 6, 7, 8, 9, 11, 14, 15, 25, 26, 29, 30, 31, 34, 36, 44, 45, 47, 48, 49, 50, 52, 65, 76, 77, 86, 87, 90, 93, 95, 103, 104, 105, 106, 108, 109, 110, 111, 112, 115, 116, 119, 122, 124], "summary": {"covered_lines": 47, "num_statements": 54, "percent_covered": 87.03703703703704, "percent_covered_display": "87", "missing_lines": 7, "excluded_lines": 0, "percent_statements_covered": 87.03703703703704, "percent_statements_covered_display": "87"}, "missing_lines": [37, 53, 72, 73, 96, 141, 142], "excluded_lines": [], "functions": {"get_monthly_summary": {"executed_lines": [25, 26, 29, 30, 31, 34, 36, 44, 45, 47, 48, 49, 50, 52, 65], "summary": {"covered_lines": 15, "num_statements": 19, "percent_covered": 78.94736842105263, "percent_covered_display": "79", "missing_lines": 4, "excluded_lines": 0, "percent_statements_covered": 78.94736842105263, "percent_statements_covered_display": "79"}, "missing_lines": [37, 53, 72, 73], "excluded_lines": []}, "get_yearly_overview": {"executed_lines": [86, 87, 90, 93, 95, 103, 104, 105, 106, 108, 109, 110, 111, 112, 115, 116, 119, 122, 124], "summary": {"covered_lines": 19, "num_statements": 22, "percent_covered": 86.36363636363636, "percent_covered_display": "86", "missing_lines": 3, "excluded_lines": 0, "percent_statements_covered": 86.36363636363636, "percent_statements_covered_display": "86"}, "missing_lines": [96, 141, 142], "excluded_lines": []}, "": {"executed_lines": [1, 2, 3, 4, 5, 6, 7, 8, 9, 11, 14, 15, 76, 77], "summary": {"covered_lines": 13, "num_statements": 13, "percent_covered": 100.0, "percent_covered_display": "100", "missing_lines": 0, "excluded_lines": 0, "percent_statements_covered": 100.0, "percent_statements_covered_display": "100"}, "missing_lines": [], "excluded_lines": []}}, "classes": {"": {"executed_lines": [1, 2, 3, 4, 5, 6, 7, 8, 9, 11, 14, 15, 25, 26, 29, 30, 31, 34, 36, 44, 45, 47, 48, 49, 50, 52, 65, 76, 77, 86, 87, 90, 93, 95, 103, 104, 105, 106, 108, 109, 110, 111, 112, 115, 116, 119, 122, 124], "summary": {"covered_lines": 47, "num_statements": 54, "percent_covered": 87.03703703703704, "percent_covered_display": "87", "missing_lines": 7, "excluded_lines": 0, "percent_statements_covered": 87.03703703703704, "percent_statements_covered_display": "87"}, "missing_lines": [37, 53, 72, 73, 96, 141, 142], "excluded_lines": []}}}, "app\\routes\\predictions_routes.py": {"executed_lines": [1, 2, 3, 4, 5, 6, 7, 8, 10, 12, 13, 14, 15, 16, 18, 19, 20, 21, 22, 23, 24, 25, 27, 28, 30, 31, 32, 39, 51, 52, 53, 55, 56, 58, 60, 61, 62, 64, 65, 67, 68, 69, 70, 72, 74, 81, 82, 83, 84], "summary": {"covered_lines": 48, "num_statements": 54, "percent_covered": 88.88888888888889, "percent_covered_display": "89", "missing_lines": 6, "excluded_lines": 0, "percent_statements_covered": 88.88888888888889, "percent_statements_covered_display": "89"}, "missing_lines": [48, 49, 71, 73, 88, 89], "excluded_lines": [], "functions": {"create_savings_goal": {"executed_lines": [30, 31, 32, 39], "summary": {"covered_lines": 4, "num_statements": 6, "percent_covered": 66.66666666666667, "percent_covered_display": "67", "missing_lines": 2, "excluded_lines": 0, "percent_statements_covered": 66.66666666666667, "percent_statements_covered_display": "67"}, "missing_lines": [48, 49], "excluded_lines": []}, "train_models": {"executed_lines": [58, 60, 61, 62, 64, 65, 67, 68, 69, 70, 72, 74, 81, 82, 83, 84], "summary": {"covered_lines": 16, "num_statements": 20, "percent_covered": 80.0, "percent_covered_display": "80", "missing_lines": 4, "excluded_lines": 0, "percent_statements_covered": 80.0, "percent_statements_covered_display": "80"}, "missing_lines": [71, 73, 88, 89], "excluded_lines": []}, "": {"executed_lines": [1, 2, 3, 4, 5, 6, 7, 8, 10, 12, 13, 14, 15, 16, 18, 19, 20, 21, 22, 23, 24, 25, 27, 28, 51, 52, 53, 55, 56], "summary": {"covered_lines": 28, "num_statements": 28, "percent_covered": 100.0, "percent_covered_display": "100", "missing_lines": 0, "excluded_lines": 0, "percent_statements_covered": 100.0, "percent_statements_covered_display": "100"}, "missing_lines": [], "excluded_lines": []}}, "classes": {"SavingsGoalRequest": {"executed_lines": [], "summary": {"covered_lines": 0, "num_statements": 0, "percent_covered": 100.0, "percent_covered_display": "100", "missing_lines": 0, "excluded_lines": 0, "percent_statements_covered": 100.0, "percent_statements_covered_display": "100"}, "missing_lines": [], "excluded_lines": []}, "SavingsGoalResponse": {"executed_lines": [], "summary": {"covered_lines": 0, "num_statements": 0, "percent_covered": 100.0, "percent_covered_display": "100", "missing_lines": 0, "excluded_lines": 0, "percent_statements_covered": 100.0, "percent_statements_covered_display": "100"}, "missing_lines": [], "excluded_lines": []}, "TrainModelsResponse": {"executed_lines": [], "summary": {"covered_lines": 0, "num_statements": 0, "percent_covered": 100.0, "percent_covered_display": "100", "missing_lines": 0, "excluded_lines": 0, "percent_statements_covered": 100.0, "percent_statements_covered_display": "100"}, "missing_lines": [], "excluded_lines": []}, "": {"executed_lines": [1, 2, 3, 4, 5, 6, 7, 8, 10, 12, 13, 14, 15, 16, 18, 19, 20, 21, 22, 23, 24, 25, 27, 28, 30, 31, 32, 39, 51, 52, 53, 55, 56, 58, 60, 61, 62, 64, 65, 67, 68, 69, 70, 72, 74, 81, 82, 83, 84], "summary": {"covered_lines": 48, "num_statements": 54, "percent_covered": 88.88888888888889, "percent_covered_display": "89", "missing_lines": 6, "excluded_lines": 0, "percent_statements_covered": 88.88888888888889, "percent_statements_covered_display": "89"}, "missing_lines": [48, 49, 71, 73, 88, 89], "excluded_lines": []}}}, "app\\routes\\quick_routes.py": {"executed_lines": [1, 2, 3, 4, 5, 6, 7, 8, 9, 10, 11, 13, 16, 18, 19, 21, 22, 23, 24, 26, 27, 28, 29, 31, 32, 33, 34, 35, 37, 38, 39, 40, 41, 43, 45, 46, 47, 48, 62, 63, 68, 70, 71, 72, 73, 74, 87, 88, 93, 95, 96, 101, 102, 103, 104, 106, 107, 112, 113, 114, 115, 117, 118, 119, 120, 121, 122, 125, 126, 127, 128, 137, 138, 140, 142, 143, 144, 145, 146, 148, 150, 151, 161, 162, 163, 165, 174, 175, 176, 178, 189, 190, 191, 192, 193, 194, 196, 197, 198, 199, 200, 201, 208, 209, 211, 213, 214, 215, 216, 217, 219, 220, 221, 222, 223, 225, 226, 227, 228, 236, 237, 238, 240, 249, 250, 253, 264, 265, 270, 271, 273, 274, 276, 278, 286, 288, 289, 294, 295, 296, 297, 299, 301, 309, 311, 312, 313, 314, 315, 316, 322, 323, 324, 326, 327, 328, 329, 330], "summary": {"covered_lines": 157, "num_statements": 172, "percent_covered": 91.27906976744185, "percent_covered_display": "91", "missing_lines": 15, "excluded_lines": 0, "percent_statements_covered": 91.27906976744185, "percent_statements_covered_display": "91"}, "missing_lines": [49, 129, 130, 152, 153, 186, 187, 251, 261, 262, 275, 277, 298, 300, 331], "excluded_lines": [], "functions": {"process_sms_async": {"executed_lines": [46, 47, 48, 62, 63, 68], "summary": {"covered_lines": 6, "num_statements": 7, "percent_covered": 85.71428571428571, "percent_covered_display": "86", "missing_lines": 1, "excluded_lines": 0, "percent_statements_covered": 85.71428571428571, "percent_statements_covered_display": "86"}, "missing_lines": [49], "excluded_lines": []}, "process_sms_local_async": {"executed_lines": [71, 72, 73, 74, 87, 88, 93], "summary": {"covered_lines": 7, "num_statements": 7, "percent_covered": 100.0, "percent_covered_display": "100", "missing_lines": 0, "excluded_lines": 0, "percent_statements_covered": 100.0, "percent_statements_covered_display": "100"}, "missing_lines": [], "excluded_lines": []}, "quick_parse_sms": {"executed_lines": [101, 102, 103, 104], "summary": {"covered_lines": 4, "num_statements": 4, "percent_covered": 100.0, "percent_covered_display": "100", "missing_lines": 0, "excluded_lines": 0, "percent_statements_covered": 100.0, "percent_statements_covered_display": "100"}, "missing_lines": [], "excluded_lines": []}, "quick_parse_sms_local": {"executed_lines": [112, 113, 114, 115], "summary": {"covered_lines": 4, "num_statements": 4, "percent_covered": 100.0, "percent_covered_display": "100", "missing_lines": 0, "excluded_lines": 0, "percent_statements_covered": 100.0, "percent_statements_covered_display": "100"}, "missing_lines": [], "excluded_lines": []}, "process_sms_batch_async": {"executed_lines": [118, 119, 120, 121, 122, 125, 142, 143, 144, 145, 146, 148, 150, 151, 161, 162, 163, 165, 174, 175, 176, 178], "summary": {"covered_lines": 22, "num_statements": 26, "percent_covered": 84.61538461538461, "percent_covered_display": "85", "missing_lines": 4, "excluded_lines": 0, "percent_statements_covered": 84.61538461538461, "percent_statements_covered_display": "85"}, "missing_lines": [152, 153, 186, 187], "excluded_lines": []}, "process_sms_batch_async._process_one": {"executed_lines": [126, 127, 128, 137, 138, 140], "summary": {"covered_lines": 6, "num_statements": 8, "percent_covered": 75.0, "percent_covered_display": "75", "missing_lines": 2, "excluded_lines": 0, "percent_statements_covered": 75.0, "percent_statements_covered_display": "75"}, "missing_lines": [129, 130], "excluded_lines": []}, "process_sms_batch_local_async": {"executed_lines": [190, 191, 192, 193, 194, 196, 213, 214, 215, 216, 217, 219, 220, 221, 222, 223, 225, 226, 227, 228, 236, 237, 238, 240, 249, 250, 253], "summary": {"covered_lines": 27, "num_statements": 30, "percent_covered": 90.0, "percent_covered_display": "90", "missing_lines": 3, "excluded_lines": 0, "percent_statements_covered": 90.0, "percent_statements_covered_display": "90"}, "missing_lines": [251, 261, 262], "excluded_lines": []}, "process_sms_batch_local_async._process_one_sync": {"executed_lines": [197, 198, 199, 200, 201, 208, 209, 211], "summary": {"covered_lines": 8, "num_statements": 8, "percent_covered": 100.0, "percent_covered_display": "100", "missing_lines": 0, "excluded_lines": 0, "percent_statements_covered": 100.0, "percent_statements_covered_display": "100"}, "missing_lines": [], "excluded_lines": []}, "quick_parse_sms_batch": {"executed_lines": [270, 271, 273, 274, 276, 278, 286], "summary": {"covered_lines": 7, "num_statements": 9, "percent_covered": 77.77777777777777, "percent_covered_display": "78", "missing_lines": 2, "excluded_lines": 0, "percent_statements_covered": 77.77777777777777, "percent_statements_covered_display": "78"}, "missing_lines": [275, 277], "excluded_lines": []}, "quick_parse_sms_batch_local": {"executed_lines": [294, 295, 296, 297, 299, 301, 309], "summary": {"covered_lines": 7, "num_statements": 9, "percent_covered": 77.77777777777777, "percent_covered_display": "78", "missing_lines": 2, "excluded_lines": 0, "percent_statements_covered": 77.77777777777777, "percent_statements_covered_display": "78"}, "missing_lines": [298, 300], "excluded_lines": []}, "get_job_status": {"executed_lines": [313, 314, 315, 316, 322, 323, 324], "summary": {"covered_lines": 7, "num_statements": 7, "percent_covered": 100.0, "percent_covered_display": "100", "missing_lines": 0, "excluded_lines": 0, "percent_statements_covered": 100.0, "percent_statements_covered_display": "100"}, "missing_lines": [], "excluded_lines": []}, "cleanup_job": {"executed_lines": [328, 329, 330], "summary": {"covered_lines": 3, "num_statements": 4, "percent_covered": 75.0, "percent_covered_display": "75", "missing_lines": 1, "excluded_lines": 0, "percent_statements_covered": 75.0, "percent_statements_covered_display": "75"}, "missing_lines": [331], "excluded_lines": []}, "": {"executed_lines": [1, 2, 3, 4, 5, 6, 7, 8, 9, 10, 11, 13, 16, 18, 19, 21, 22, 23, 24, 26, 27, 28, 29, 31, 32, 33, 34, 35, 37, 38, 39, 40, 41, 43, 45, 70, 95, 96, 106, 107, 117, 189, 264, 265, 288, 289, 311, 312, 326, 327], "summary": {"covered_lines": 49, "num_statements": 49, "percent_covered": 100.0, "percent_covered_display": "100", "missing_lines": 0, "excluded_lines": 0, "percent_statements_covered": 100.0, "percent_statements_covered_display": "100"}, "missing_lines": [], "excluded_lines": []}}, "classes": {"SMSRequest": {"executed_lines": [], "summary": {"covered_lines": 0, "num_statements": 0, "percent_covered": 100.0, "percent_covered_display": "100", "missing_lines": 0, "excluded_lines": 0, "percent_statements_covered": 100.0, "percent_statements_covered_display": "100"}, "missing_lines": [], "excluded_lines": []}, "SMSBatchRequest": {"executed_lines": [], "summary": {"covered_lines": 0, "num_statements": 0, "percent_covered": 100.0, "percent_covered_display": "100", "missing_lines": 0, "excluded_lines": 0, "percent_statements_covered": 100.0, "percent_statements_covered_display": "100"}, "missing_lines": [], "excluded_lines": []}, "QuickResponse": {"executed_lines": [], "summary": {"covered_lines": 0, "num_statements": 0, "percent_covered": 100.0, "percent_covered_display": "100", "missing_lines": 0, "excluded_lines": 0, "percent_statements_covered": 100.0, "percent_statements_covered_display": "100"}, "missing_lines": [], "excluded_lines": []}, "QuickBatchResponse": {"executed_lines": [], "summary": {"covered_lines": 0, "num_statements": 0, "percent_covered": 100.0, "percent_covered_display": "100", "missing_lines": 0, "excluded_lines": 0, "percent_statements_covered": 100.0, "percent_statements_covered_display": "100"}, "missing_lines": [], "excluded_lines": []}, "JobStatusResponse": {"executed_lines": [], "summary": {"covered_lines": 0, "num_statements": 0, "percent_covered": 100.0, "percent_covered_display": "100", "missing_lines": 0, "excluded_lines": 0, "percent_statements_covered": 100.0, "percent_statements_covered_display": "100"}, "missing_lines": [], "excluded_lines": []}, "": {"executed_lines": [1, 2, 3, 4, 5, 6, 7, 8, 9, 10, 11, 13, 16, 18, 19, 21, 22, 23, 24, 26, 27, 28, 29, 31, 32, 33, 34, 35, 37, 38, 39, 40, 41, 43, 45, 46, 47, 48, 62, 63, 68, 70, 71, 72, 73, 74, 87, 88, 93, 95, 96, 101, 102, 103, 104, 106, 107, 112, 113, 114, 115, 117, 118, 119, 120, 121, 122, 125, 126, 127, 128, 137, 138, 140, 142, 143, 144, 145, 146, 148, 150, 151, 161, 162, 163, 165, 174, 175, 176, 178, 189, 190, 191, 192, 193, 194, 196, 197, 198, 199, 200, 201, 208, 209, 211, 213, 214, 215, 216, 217, 219, 220, 221, 222, 223, 225, 226, 227, 228, 236, 237, 238, 240, 249, 250, 253, 264, 265, 270, 271, 273, 274, 276, 278, 286, 288, 289, 294, 295, 296, 297, 299, 301, 309, 311, 312, 313, 314, 315, 316, 322, 323, 324, 326, 327, 328, 329, 330], "summary": {"covered_lines": 157, "num_statements": 172, "percent_covered": 91.27906976744185, "percent_covered_display": "91", "missing_lines": 15, "excluded_lines": 0, "percent_statements_covered": 91.27906976744185, "percent_statements_covered_display": "91"}, "missing_lines": [49, 129, 130, 152, 153, 186, 187, 251, 261, 262, 275, 277, 298, 300, 331], "excluded_lines": []}}}, "app\\routes\\transaction_routes.py": {"executed_lines": [1, 2, 3, 4, 5, 6, 7, 8, 9, 10, 11, 13, 16, 20, 21, 24, 25, 27, 28, 29, 30, 31, 32, 33, 34, 36, 37, 39, 40, 41, 42, 43, 44, 45, 47, 48, 67, 68, 74, 75, 77, 93, 94, 101, 103, 120, 121, 127, 129, 139, 140, 146, 157, 171, 172, 179, 183, 193, 194, 200, 202, 203, 210, 212, 225, 226, 228], "summary": {"covered_lines": 66, "num_statements": 69, "percent_covered": 95.65217391304348, "percent_covered_display": "96", "missing_lines": 3, "excluded_lines": 0, "percent_statements_covered": 95.65217391304348, "percent_statements_covered_display": "96"}, "missing_lines": [54, 55, 57], "excluded_lines": [], "functions": {"_date_to_str": {"executed_lines": [21], "summary": {"covered_lines": 1, "num_statements": 1, "percent_covered": 100.0, "percent_covered_display": "100", "missing_lines": 0, "excluded_lines": 0, "percent_statements_covered": 100.0, "percent_statements_covered_display": "100"}, "missing_lines": [], "excluded_lines": []}, "parse_sms": {"executed_lines": [], "summary": {"covered_lines": 0, "num_statements": 3, "percent_covered": 0.0, "percent_covered_display": "0", "missing_lines": 3, "excluded_lines": 0, "percent_statements_covered": 0.0, "percent_statements_covered_display": "0"}, "missing_lines": [54, 55, 57], "excluded_lines": []}, "parse_sms_local": {"executed_lines": [74, 75, 77], "summary": {"covered_lines": 3, "num_statements": 3, "percent_covered": 100.0, "percent_covered_display": "100", "missing_lines": 0, "excluded_lines": 0, "percent_statements_covered": 100.0, "percent_statements_covered_display": "100"}, "missing_lines": [], "excluded_lines": []}, "get_transactions": {"executed_lines": [101, 103], "summary": {"covered_lines": 2, "num_statements": 2, "percent_covered": 100.0, "percent_covered_display": "100", "missing_lines": 0, "excluded_lines": 0, "percent_statements_covered": 100.0, "percent_statements_covered_display": "100"}, "missing_lines": [], "excluded_lines": []}, "get_transaction": {"executed_lines": [127, 129], "summary": {"covered_lines": 2, "num_statements": 2, "percent_covered": 100.0, "percent_covered_display": "100", "missing_lines": 0, "excluded_lines": 0, "percent_statements_covered": 100.0, "percent_statements_covered_display": "100"}, "missing_lines": [], "excluded_lines": []}, "create_transaction": {"executed_lines": [146, 157], "summary": {"covered_lines": 2, "num_statements": 2, "percent_covered": 100.0, "percent_covered_display": "100", "missing_lines": 0, "excluded_lines": 0, "percent_statements_covered": 100.0, "percent_statements_covered_display": "100"}, "missing_lines": [], "excluded_lines": []}, "update_transaction": {"executed_lines": [179, 183], "summary": {"covered_lines": 2, "num_statements": 2, "percent_covered": 100.0, "percent_covered_display": "100", "missing_lines": 0, "excluded_lines": 0, "percent_statements_covered": 100.0, "percent_statements_covered_display": "100"}, "missing_lines": [], "excluded_lines": []}, "delete_transaction": {"executed_lines": [200], "summary": {"covered_lines": 1, "num_statements": 1, "percent_covered": 100.0, "percent_covered_display": "100", "missing_lines": 0, "excluded_lines": 0, "percent_statements_covered": 100.0, "percent_statements_covered_display": "100"}, "missing_lines": [], "excluded_lines": []}, "search_transactions": {"executed_lines": [210, 212], "summary": {"covered_lines": 2, "num_statements": 2, "percent_covered": 100.0, "percent_covered_display": "100", "missing_lines": 0, "excluded_lines": 0, "percent_statements_covered": 100.0, "percent_statements_covered_display": "100"}, "missing_lines": [], "excluded_lines": []}, "get_ml_model_info": {"executed_lines": [228], "summary": {"covered_lines": 1, "num_statements": 1, "percent_covered": 100.0, "percent_covered_display": "100", "missing_lines": 0, "excluded_lines": 0, "percent_statements_covered": 100.0, "percent_statements_covered_display": "100"}, "missing_lines": [], "excluded_lines": []}, "": {"executed_lines": [1, 2, 3, 4, 5, 6, 7, 8, 9, 10, 11, 13, 16, 20, 24, 25, 27, 28, 29, 30, 31, 32, 33, 34, 36, 37, 39, 40, 41, 42, 43, 44, 45, 47, 48, 67, 68, 93, 94, 120, 121, 139, 140, 171, 172, 193, 194, 202, 203, 225, 226], "summary": {"covered_lines": 50, "num_statements": 50, "percent_covered": 100.0, "percent_covered_display": "100", "missing_lines": 0, "excluded_lines": 0, "percent_statements_covered": 100.0, "percent_statements_covered_display": "100"}, "missing_lines": [], "excluded_lines": []}}, "classes": {"SMSRequest": {"executed_lines": [], "summary": {"covered_lines": 0, "num_statements": 0, "percent_covered": 100.0, "percent_covered_display": "100", "missing_lines": 0, "excluded_lines": 0, "percent_statements_covered": 100.0, "percent_statements_covered_display": "100"}, "missing_lines": [], "excluded_lines": []}, "TransactionResponse": {"executed_lines": [], "summary": {"covered_lines": 0, "num_statements": 0, "percent_covered": 100.0, "percent_covered_display": "100", "missing_lines": 0, "excluded_lines": 0, "percent_statements_covered": 100.0, "percent_statements_covered_display": "100"}, "missing_lines": [], "excluded_lines": []}, "TransactionResponse.Config": {"executed_lines": [], "summary": {"covered_lines": 0,
[...]
: 0.0, "percent_covered_display": "0", "missing_lines": 6, "excluded_lines": 0, "percent_statements_covered": 0.0, "percent_statements_covered_display": "0"}, "missing_lines": [155, 174, 175, 178, 179, 181], "excluded_lines": []}, "parse_credit_card_sms": {"executed_lines": [186, 205, 206, 209, 212], "summary": {"covered_lines": 5, "num_statements": 6, "percent_covered": 83.33333333333333, "percent_covered_display": "83", "missing_lines": 1, "excluded_lines": 0, "percent_statements_covered": 83.33333333333333, "percent_statements_covered_display": "83"}, "missing_lines": [210], "excluded_lines": []}, "parse_debit_card_sms": {"executed_lines": [], "summary": {"covered_lines": 0, "num_statements": 6, "percent_covered": 0.0, "percent_covered_display": "0", "missing_lines": 6, "excluded_lines": 0, "percent_statements_covered": 0.0, "percent_statements_covered_display": "0"}, "missing_lines": [217, 236, 237, 240, 241, 243], "excluded_lines": []}, "parse_subscription_sms": {"executed_lines": [], "summary": {"covered_lines": 0, "num_statements": 5, "percent_covered": 0.0, "percent_covered_display": "0", "missing_lines": 5, "excluded_lines": 0, "percent_statements_covered": 0.0, "percent_statements_covered_display": "0"}, "missing_lines": [248, 250, 270, 271, 278], "excluded_lines": []}, "parse_net_banking_sms": {"executed_lines": [], "summary": {"covered_lines": 0, "num_statements": 6, "percent_covered": 0.0, "percent_covered_display": "0", "missing_lines": 6, "excluded_lines": 0, "percent_statements_covered": 0.0, "percent_statements_covered_display": "0"}, "missing_lines": [283, 301, 302, 305, 306, 308], "excluded_lines": []}, "classify_and_parse_sms": {"executed_lines": [315, 317, 324, 327, 329, 330], "summary": {"covered_lines": 6, "num_statements": 18, "percent_covered": 33.333333333333336, "percent_covered_display": "33", "missing_lines": 12, "excluded_lines": 0, "percent_statements_covered": 33.333333333333336, "percent_statements_covered_display": "33"}, "missing_lines": [318, 328, 331, 332, 333, 334, 335, 336, 339, 341, 342, 343], "excluded_lines": []}, "parse_general_sms": {"executed_lines": [], "summary": {"covered_lines": 0, "num_statements": 6, "percent_covered": 0.0, "percent_covered_display": "0", "missing_lines": 6, "excluded_lines": 0, "percent_statements_covered": 0.0, "percent_statements_covered_display": "0"}, "missing_lines": [352, 370, 371, 374, 375, 377], "excluded_lines": []}, "": {"executed_lines": [1, 5, 6, 7, 8, 9, 13, 18, 23, 28, 44, 57, 89, 100, 111, 153, 184, 215, 246, 281, 311, 350], "summary": {"covered_lines": 21, "num_statements": 21, "percent_covered": 100.0, "percent_covered_display": "100", "missing_lines": 0, "excluded_lines": 0, "percent_statements_covered": 100.0, "percent_statements_covered_display": "100"}, "missing_lines": [], "excluded_lines": []}}, "classes": {"": {"executed_lines": [1, 5, 6, 7, 8, 9, 13, 18, 23, 28, 44, 57, 63, 66, 67, 71, 75, 76, 89, 100, 111, 113, 114, 121, 148, 149, 150, 153, 184, 186, 205, 206, 209, 212, 215, 246, 281, 311, 315, 317, 324, 327, 329, 330, 350], "summary": {"covered_lines": 44, "num_statements": 118, "percent_covered": 37.28813559322034, "percent_covered_display": "37", "missing_lines": 74, "excluded_lines": 0, "percent_statements_covered": 37.28813559322034, "percent_statements_covered_display": "37"}, "missing_lines": [68, 72, 79, 80, 83, 84, 86, 91, 93, 94, 95, 97, 102, 104, 105, 106, 108, 127, 128, 129, 132, 134, 135, 136, 137, 138, 140, 141, 142, 143, 145, 146, 155, 174, 175, 178, 179, 181, 210, 217, 236, 237, 240, 241, 243, 248, 250, 270, 271, 278, 283, 301, 302, 305, 306, 308, 318, 328, 331, 332, 333, 334, 335, 336, 339, 341, 342, 343, 352, 370, 371, 374, 375, 377], "excluded_lines": []}}}, "app\\utils\\sms_parser.py": {"executed_lines": [1, 2, 3, 4, 6, 7, 8, 35, 37, 38, 39, 41, 43, 46, 57, 58, 59, 60, 61, 62, 64, 65, 70, 73, 90, 91, 92, 93, 95, 96, 97, 98, 112, 114, 121, 122, 123, 127, 129, 160, 162, 168, 169, 171, 174, 181, 182, 184, 191, 192, 195, 196, 200, 203, 204, 206, 207, 208, 209, 210, 211, 213, 226, 228, 229, 232, 234, 235, 238, 240, 241], "summary": {"covered_lines": 70, "num_statements": 122, "percent_covered": 57.377049180327866, "percent_covered_display": "57", "missing_lines": 52, "excluded_lines": 0, "percent_statements_covered": 57.377049180327866, "percent_statements_covered_display": "57"}, "missing_lines": [40, 66, 67, 68, 101, 106, 107, 108, 110, 124, 125, 131, 133, 135, 136, 138, 140, 141, 144, 145, 147, 150, 151, 152, 153, 154, 156, 157, 158, 175, 185, 197, 205, 244, 246, 247, 250, 252, 253, 256, 258, 259, 262, 264, 265, 268, 270, 271, 274, 276, 278, 280], "excluded_lines": [], "functions": {"SMSParser.__init__": {"executed_lines": [8], "summary": {"covered_lines": 1, "num_statements": 1, "percent_covered": 100.0, "percent_covered_display": "100", "missing_lines": 0, "excluded_lines": 0, "percent_statements_covered": 100.0, "percent_statements_covered_display": "100"}, "missing_lines": [], "excluded_lines": []}, "SMSParser.identify_bank": {"executed_lines": [37, 38, 39, 41], "summary": {"covered_lines": 4, "num_statements": 5, "percent_covered": 80.0, "percent_covered_display": "80", "missing_lines": 1, "excluded_lines": 0, "percent_statements_covered": 80.0, "percent_statements_covered_display": "80"}, "missing_lines": [40], "excluded_lines": []}, "SMSParser.extract_amount": {"executed_lines": [46, 57, 58, 59, 60, 61, 62, 64, 65], "summary": {"covered_lines": 9, "num_statements": 12, "percent_covered": 75.0, "percent_covered_display": "75", "missing_lines": 3, "excluded_lines": 0, "percent_statements_covered": 75.0, "percent_statements_covered_display": "75"}, "missing_lines": [66, 67, 68], "excluded_lines": []}, "SMSParser.extract_vendor": {"executed_lines": [73, 90, 91, 92, 93, 95, 96, 97, 98], "summary": {"covered_lines": 9, "num_statements": 14, "percent_covered": 64.28571428571429, "percent_covered_display": "64", "missing_lines": 5, "excluded_lines": 0, "percent_statements_covered": 64.28571428571429, "percent_statements_covered_display": "64"}, "missing_lines": [101, 106, 107, 108, 110], "excluded_lines": []}, "SMSParser.extract_date": {"executed_lines": [114, 121, 122, 123, 127], "summary": {"covered_lines": 5, "num_statements": 7, "percent_covered": 71.42857142857143, "percent_covered_display": "71", "missing_lines": 2, "excluded_lines": 0, "percent_statements_covered": 71.42857142857143, "percent_statements_covered_display": "71"}, "missing_lines": [124, 125], "excluded_lines": []}, "SMSParser.format_date": {"executed_lines": [], "summary": {"covered_lines": 0, "num_statements": 18, "percent_covered": 0.0, "percent_covered_display": "0", "missing_lines": 18, "excluded_lines": 0, "percent_statements_covered": 0.0, "percent_statements_covered_display": "0"}, "missing_lines": [131, 133, 135, 136, 138, 140, 141, 144, 145, 147, 150, 151, 152, 153, 154, 156, 157, 158], "excluded_lines": []}, "SMSParser.is_valid_transaction_sms": {"executed_lines": [162, 168, 169], "summary": {"covered_lines": 3, "num_statements": 3, "percent_covered": 100.0, "percent_covered_display": "100", "missing_lines": 0, "excluded_lines": 0, "percent_statements_covered": 100.0, "percent_statements_covered_display": "100"}, "missing_lines": [], "excluded_lines": []}, "SMSParser.parse_transaction": {"executed_lines": [174, 181, 182, 184, 191, 192, 195, 196, 200, 203, 204, 206, 207, 208, 209, 210, 211, 213], "summary": {"covered_lines": 18, "num_statements": 22, "percent_covered": 81.81818181818181, "percent_covered_display": "82", "missing_lines": 4, "excluded_lines": 0, "percent_statements_covered": 81.81818181818181, "percent_statements_covered_display": "82"}, "missing_lines": [175, 185, 197, 205], "excluded_lines": []}, "SMSParser.categorize_transaction": {"executed_lines": [228, 229, 232, 234, 235, 238, 240, 241], "summary": {"covered_lines": 8, "num_statements": 27, "percent_covered": 29.62962962962963, "percent_covered_display": "30", "missing_lines": 19, "excluded_lines": 0, "percent_statements_covered": 29.62962962962963, "percent_statements_covered_display": "30"}, "missing_lines": [244, 246, 247, 250, 252, 253, 256, 258, 259, 262, 264, 265, 268, 270, 271, 274, 276, 278, 280], "excluded_lines": []}, "": {"executed_lines": [1, 2, 3, 4, 6, 7, 35, 43, 70, 112, 129, 160, 171, 226], "summary": {"covered_lines": 13, "num_statements": 13, "percent_covered": 100.0, "percent_covered_display": "100", "missing_lines": 0, "excluded_lines": 0, "percent_statements_covered": 100.0, "percent_statements_covered_display": "100"}, "missing_lines": [], "excluded_lines": []}}, "classes": {"SMSParser": {"executed_lines": [8, 37, 38, 39, 41, 46, 57, 58, 59, 60, 61, 62, 64, 65, 73, 90, 91, 92, 93, 95, 96, 97, 98, 114, 121, 122, 123, 127, 162, 168, 169, 174, 181, 182, 184, 191, 192, 195, 196, 200, 203, 204, 206, 207, 208, 209, 210, 211, 213, 228, 229, 232, 234, 235, 238, 240, 241], "summary": {"covered_lines": 57, "num_statements": 109, "percent_covered": 52.293577981651374, "percent_covered_display": "52", "missing_lines": 52, "excluded_lines": 0, "percent_statements_covered": 52.293577981651374, "percent_statements_covered_display": "52"}, "missing_lines": [40, 66, 67, 68, 101, 106, 107, 108, 110, 124, 125, 131, 133, 135, 136, 138, 140, 141, 144, 145, 147, 150, 151, 152, 153, 154, 156, 157, 158, 175, 185, 197, 205, 244, 246, 247, 250, 252, 253, 256, 258, 259, 262, 264, 265, 268, 270, 271, 274, 276, 278, 280], "excluded_lines": []}, "": {"executed_lines": [1, 2, 3, 4, 6, 7, 35, 43, 70, 112, 129, 160, 171, 226], "summary": {"covered_lines": 13, "num_statements": 13, "percent_covered": 100.0, "percent_covered_display": "100", "missing_lines": 0, "excluded_lines": 0, "percent_statements_covered": 100.0, "percent_statements_covered_display": "100"}, "missing_lines": [], "excluded_lines": []}}}, "app\\utils\\spending_analytics.py": {"executed_lines": [1, 5, 6, 7, 8, 9, 10, 12, 13, 14, 16, 20, 24, 28, 36, 38, 40, 41, 42, 54, 61, 62, 65, 67, 68, 69, 74, 75, 76, 77, 80, 81, 84, 85, 88, 96, 97, 98, 101, 103, 106, 116, 126, 236], "summary": {"covered_lines": 43, "num_statements": 129, "percent_covered": 33.333333333333336, "percent_covered_display": "33", "missing_lines": 86, "excluded_lines": 0, "percent_statements_covered": 33.333333333333336, "percent_statements_covered_display": "33"}, "missing_lines": [25, 44, 45, 46, 47, 48, 49, 52, 56, 57, 58, 70, 72, 130, 134, 135, 138, 146, 148, 150, 151, 152, 153, 154, 155, 156, 157, 158, 160, 162, 164, 165, 166, 169, 170, 171, 172, 175, 176, 177, 178, 179, 180, 182, 183, 184, 185, 186, 189, 190, 193, 194, 197, 206, 207, 208, 211, 213, 215, 226, 239, 240, 242, 243, 246, 247, 249, 256, 257, 258, 260, 261, 262, 263, 264, 265, 268, 269, 270, 272, 273, 274, 275, 276, 277, 279], "excluded_lines": [], "functions": {"SpendingAnalytics.__init__": {"executed_lines": [14], "summary": {"covered_lines": 1, "num_statements": 1, "percent_covered": 100.0, "percent_covered_display": "100", "missing_lines": 0, "excluded_lines": 0, "percent_statements_covered": 100.0, "percent_statements_covered_display": "100"}, "missing_lines": [], "excluded_lines": []}, "SpendingAnalytics.get_monthly_spending": {"executed_lines": [20, 24, 28, 36, 38, 40, 41, 42, 54, 61, 62, 65, 67, 68, 69, 74, 75, 76, 77, 80, 81, 84, 85, 88, 96, 97, 98, 101, 103, 106, 116], "summary": {"covered_lines": 31, "num_statements": 44, "percent_covered": 70.45454545454545, "percent_covered_display": "70", "missing_lines": 13, "excluded_lines": 0, "percent_statements_covered": 70.45454545454545, "percent_statements_covered_display": "70"}, "missing_lines": [25, 44, 45, 46, 47, 48, 49, 52, 56, 57, 58, 70, 72], "excluded_lines": []}, "SpendingAnalytics.get_weekly_spending": {"executed_lines": [], "summary": {"covered_lines": 0, "num_statements": 47, "percent_covered": 0.0, "percent_covered_display": "0", "missing_lines": 47, "excluded_lines": 0, "percent_statements_covered": 0.0, "percent_statements_covered_display": "0"}, "missing_lines": [130, 134, 135, 138, 146, 148, 150, 151, 152, 153, 154, 155, 156, 157, 158, 160, 162, 164, 165, 166, 169, 170, 171, 172, 175, 176, 177, 178, 179, 180, 182, 183, 184, 185, 186, 189, 190, 193, 194, 197, 206, 207, 208, 211, 213, 215, 226], "excluded_lines": []}, "SpendingAnalytics.get_spending_trends": {"executed_lines": [], "summary": {"covered_lines": 0, "num_statements": 26, "percent_covered": 0.0, "percent_covered_display": "0", "missing_lines": 26, "excluded_lines": 0, "percent_statements_covered": 0.0, "percent_statements_covered_display": "0"}, "missing_lines": [239, 240, 242, 243, 246, 247, 249, 256, 257, 258, 260, 261, 262, 263, 264, 265, 268, 269, 270, 272, 273, 274, 275, 276, 277, 279], "excluded_lines": []}, "": {"executed_lines": [1, 5, 6, 7, 8, 9, 10, 12, 13, 16, 126, 236], "summary": {"covered_lines": 11, "num_statements": 11, "percent_covered": 100.0, "percent_covered_display": "100", "missing_lines": 0, "excluded_lines": 0, "percent_statements_covered": 100.0, "percent_statements_covered_display": "100"}, "missing_lines": [], "excluded_lines": []}}, "classes": {"SpendingAnalytics": {"executed_lines": [14, 20, 24, 28, 36, 38, 40, 41, 42, 54, 61, 62, 65, 67, 68, 69, 74, 75, 76, 77, 80, 81, 84, 85, 88, 96, 97, 98, 101, 103, 106, 116], "summary": {"covered_lines": 32, "num_statements": 118, "percent_covered": 27.11864406779661, "percent_covered_display": "27", "missing_lines": 86, "excluded_lines": 0, "percent_statements_covered": 27.11864406779661, "percent_statements_covered_display": "27"}, "missing_lines": [25, 44, 45, 46, 47, 48, 49, 52, 56, 57, 58, 70, 72, 130, 134, 135, 138, 146, 148, 150, 151, 152, 153, 154, 155, 156, 157, 158, 160, 162, 164, 165, 166, 169, 170, 171, 172, 175, 176, 177, 178, 179, 180, 182, 183, 184, 185, 186, 189, 190, 193, 194, 197, 206, 207, 208, 211, 213, 215, 226, 239, 240, 242, 243, 246, 247, 249, 256, 257, 258, 260, 261, 262, 263, 264, 265, 268, 269, 270, 272, 273, 274, 275, 276, 277, 279], "excluded_lines": []}, "": {"executed_lines": [1, 5, 6, 7, 8, 9, 10, 12, 13, 16, 126, 236], "summary": {"covered_lines": 11, "num_statements": 11, "percent_covered": 100.0, "percent_covered_display": "100", "missing_lines": 0, "excluded_lines": 0, "percent_statements_covered": 100.0, "percent_statements_covered_display": "100"}, "missing_lines": [], "excluded_lines": []}}}, "app\\utils\\transaction_deduplicator.py": {"executed_lines": [1, 2, 3, 4, 6, 7, 8, 9, 11, 13, 14, 16, 18, 19, 26, 28, 29, 30, 31, 33, 35, 36, 37, 40, 43, 45, 46, 47, 48, 50, 52, 62, 63, 66, 67, 68, 69, 70, 71, 73, 74, 79, 84, 90, 92, 94, 97, 105, 106, 107, 114, 115, 123, 129, 131, 133, 144, 147, 150, 154], "summary": {"covered_lines": 59, "num_statements": 71, "percent_covered": 83.09859154929578, "percent_covered_display": "83", "missing_lines": 12, "excluded_lines": 0, "percent_statements_covered": 83.09859154929578, "percent_statements_covered_display": "83"}, "missing_lines": [21, 22, 23, 24, 53, 54, 85, 98, 116, 148, 152, 156], "excluded_lines": [], "functions": {"TransactionDeduplicator.__init__": {"executed_lines": [8, 9], "summary": {"covered_lines": 2, "num_statements": 2, "percent_covered": 100.0, "percent_covered_display": "100", "missing_lines": 0, "excluded_lines": 0, "percent_statements_covered": 100.0, "percent_statements_covered_display": "100"}, "missing_lines": [], "excluded_lines": []}, "TransactionDeduplicator.generate_transaction_hash": {"executed_lines": [13, 14], "summary": {"covered_lines": 2, "num_statements": 2, "percent_covered": 100.0, "percent_covered_display": "100", "missing_lines": 0, "excluded_lines": 0, "percent_statements_covered": 100.0, "percent_statements_covered_display": "100"}, "missing_lines": [], "excluded_lines": []}, "TransactionDeduplicator.is_duplicate_by_id": {"executed_lines": [18, 19], "summary": {"covered_lines": 2, "num_statements": 6, "percent_covered": 33.333333333333336, "percent_covered_display": "33", "missing_lines": 4, "excluded_lines": 0, "percent_statements_covered": 33.333333333333336, "percent_statements_covered_display": "33"}, "missing_lines": [21, 22, 23, 24], "excluded_lines": []}, "TransactionDeduplicator.is_duplicate_by_hash": {"executed_lines": [28, 29, 30, 31], "summary": {"covered_lines": 4, "num_statements": 4, "percent_covered": 100.0, "percent_covered_display": "100", "missing_lines": 0, "excluded_lines": 0, "percent_statements_covered": 100.0, "percent_statements_covered_display": "100"}, "missing_lines": [], "excluded_lines": []}, "TransactionDeduplicator.is_similar_transaction": {"executed_lines": [35, 36, 37, 40, 43, 45, 46, 47, 48, 50, 52, 62, 63, 66, 67, 68, 69, 70, 71, 73, 74, 79, 84, 90], "summary": {"covered_lines": 24, "num_statements": 27, "percent_covered": 88.88888888888889, "percent_covered_display": "89", "missing_lines": 3, "excluded_lines": 0, "percent_statements_covered": 88.88888888888889, "percent_statements_covered_display": "89"}, "missing_lines": [53, 54, 85], "excluded_lines": []}, "TransactionDeduplicator.is_duplicate": {"executed_lines": [94, 97, 105, 106, 107, 114, 115, 123], "summary": {"covered_lines": 8, "num_statements": 10, "percent_covered": 80.0, "percent_covered_display": "80", "missing_lines": 2, "excluded_lines": 0, "percent_statements_covered": 80.0, "percent_statements_covered_display": "80"}, "missing_lines": [98, 116], "excluded_lines": []}, "TransactionDeduplicator.add_transaction": {"executed_lines": [131, 133, 144, 147], "summary": {"covered_lines": 4, "num_statements": 5, "percent_covered": 80.0, "percent_covered_display": "80", "missing_lines": 1, "excluded_lines": 0, "percent_statements_covered": 80.0, "percent_statements_covered_display": "80"}, "missing_lines": [148], "excluded_lines": []}, "TransactionDeduplicator.clear_history": {"executed_lines": [], "summary": {"covered_lines": 0, "num_statements": 1, "percent_covered": 0.0, "percent_covered_display": "0", "missing_lines": 1, "excluded_lines": 0, "percent_statements_covered": 0.0, "percent_statements_covered_display": "0"}, "missing_lines": [152], "excluded_lines": []}, "TransactionDeduplicator.get_stats": {"executed_lines": [], "summary": {"covered_lines": 0, "num_statements": 1, "percent_covered": 0.0, "percent_covered_display": "0", "missing_lines": 1, "excluded_lines": 0, "percent_statements_covered": 0.0, "percent_statements_covered_display": "0"}, "missing_lines": [156], "excluded_lines": []}, "": {"executed_lines": [1, 2, 3, 4, 6, 7, 11, 16, 26, 33, 92, 129, 150, 154], "summary": {"covered_lines": 13, "num_statements": 13, "percent_covered": 100.0, "percent_covered_display": "100", "missing_lines": 0, "excluded_lines": 0, "percent_statements_covered": 100.0, "percent_statements_covered_display": "100"}, "missing_lines": [], "excluded_lines": []}}, "classes": {"TransactionDeduplicator": {"executed_lines": [8, 9, 13, 14, 18, 19, 28, 29, 30, 31, 35, 36, 37, 40, 43, 45, 46, 47, 48, 50, 52, 62, 63, 66, 67, 68, 69, 70, 71, 73, 74, 79, 84, 90, 94, 97, 105, 106, 107, 114, 115, 123, 131, 133, 144, 147], "summary": {"covered_lines": 46, "num_statements": 58, "percent_covered": 79.3103448275862, "percent_covered_display": "79", "missing_lines": 12, "excluded_lines": 0, "percent_statements_covered": 79.3103448275862, "percent_statements_covered_display": "79"}, "missing_lines": [21, 22, 23, 24, 53, 54, 85, 98, 116, 148, 152, 156], "excluded_lines": []}, "": {"executed_lines": [1, 2, 3, 4, 6, 7, 11, 16, 26, 33, 92, 129, 150, 154], "summary": {"covered_lines": 13, "num_statements": 13, "percent_covered": 100.0, "percent_covered_display": "100", "missing_lines": 0, "excluded_lines": 0, "percent_statements_covered": 100.0, "percent_statements_covered_display": "100"}, "missing_lines": [], "excluded_lines": []}}}}, "totals": {"covered_lines": 1403, "num_statements": 2115, "percent_covered": 66.33569739952719, "percent_covered_display": "66", "missing_lines": 712, "excluded_lines": 0, "percent_statements_covered": 66.33569739952719, "percent_statements_covered_display": "66"}}